2024-12-28 15:22:27.831 [info] [main] Log level: Info
2024-12-28 15:22:27.831 [info] [main] Validating found git in: "git"
2024-12-28 15:22:27.831 [info] [main] Using git "2.34.1" from "git"
2024-12-28 15:22:27.831 [info] [Model][doInitialScan] Initial repository scan started
2024-12-28 15:22:27.831 [info] > git rev-parse --show-toplevel [5ms]
2024-12-28 15:22:27.831 [info] > git rev-parse --git-dir --git-common-dir [39ms]
2024-12-28 15:22:27.831 [info] [Model][openRepository] Opened repository: /root
2024-12-28 15:22:27.831 [info] > git config --get commit.template [2ms]
2024-12-28 15:22:27.838 [info] > git for-each-ref --format=%(refname)%00%(upstream:short)%00%(objectname)%00%(upstream:track)%00%(upstream:remotename)%00%(upstream:remoteref) refs/heads/main refs/remotes/main [1ms]
2024-12-28 15:22:27.858 [info] > git for-each-ref --sort -committerdate --format %(refname) %(objectname) %(*objectname) [2ms]
2024-12-28 15:22:27.867 [info] > git rev-parse --show-toplevel [2ms]
2024-12-28 15:22:27.910 [info] > git rev-parse --show-toplevel [36ms]
2024-12-28 15:22:27.918 [info] > git rev-parse --show-toplevel [2ms]
2024-12-28 15:22:27.937 [info] > git rev-parse --show-toplevel [13ms]
2024-12-28 15:22:27.952 [info] > git rev-parse --show-toplevel [6ms]
2024-12-28 15:22:27.968 [info] > git status -z -uall [121ms] (cancelled)
2024-12-28 15:22:27.968 [info] > git rev-parse --git-dir --git-common-dir [7ms]
2024-12-28 15:22:27.975 [info] [Model][openRepository] Opened repository: /root/.oh-my-zsh
2024-12-28 15:22:27.996 [info] > git rev-parse --show-toplevel [3ms]
2024-12-28 15:22:27.996 [info] > git config --get commit.template [7ms]
2024-12-28 15:22:28.004 [info] > git rev-parse --git-dir --git-common-dir [4ms]
2024-12-28 15:22:28.007 [info] [Model][openRepository] Opened repository: /root/.pyenv
2024-12-28 15:22:28.017 [info] > git for-each-ref --format=%(refname)%00%(upstream:short)%00%(objectname)%00%(upstream:track)%00%(upstream:remotename)%00%(upstream:remoteref) refs/heads/master refs/remotes/master [14ms]
2024-12-28 15:22:28.021 [info] > git rev-parse --show-toplevel [3ms]
2024-12-28 15:22:28.021 [info] > git config --get commit.template [8ms]
2024-12-28 15:22:28.029 [info] > git rev-parse --show-toplevel [4ms]
2024-12-28 15:22:28.037 [info] > git for-each-ref --format=%(refname)%00%(upstream:short)%00%(objectname)%00%(upstream:track)%00%(upstream:remotename)%00%(upstream:remoteref) refs/heads/master refs/remotes/master [9ms]
2024-12-28 15:22:28.044 [warning] [Git][revParse] Unable to read file: ENOENT: no such file or directory, open '/root/.pyenv/.git/refs/remotes/origin/master'
2024-12-28 15:22:28.045 [info] > git status -z -uall [13ms]
2024-12-28 15:22:28.045 [info] > git for-each-ref --sort -committerdate --format %(refname) %(objectname) %(*objectname) [9ms]
2024-12-28 15:22:28.070 [info] > git for-each-ref --format=%(refname)%00%(upstream:short)%00%(objectname)%00%(upstream:track)%00%(upstream:remotename)%00%(upstream:remoteref) refs/heads/master refs/remotes/master [16ms]
2024-12-28 15:22:28.078 [info] > git rev-parse refs/remotes/origin/master [34ms]
2024-12-28 15:22:28.096 [info] > git rev-parse --show-toplevel [55ms]
2024-12-28 15:22:28.103 [info] > git status -z -uall [17ms]
2024-12-28 15:22:28.104 [info] > git config --local branch.master.vscode-merge-base [26ms]
2024-12-28 15:22:28.111 [info] > git config --get commit.template [44ms]
2024-12-28 15:22:28.113 [info] > git for-each-ref --format=%(refname)%00%(upstream:short)%00%(objectname)%00%(upstream:track)%00%(upstream:remotename)%00%(upstream:remoteref) refs/heads/origin/master refs/remotes/origin/master [3ms]
2024-12-28 15:22:28.129 [info] > git rev-parse --git-dir --git-common-dir [27ms]
2024-12-28 15:22:28.132 [info] [Model][openRepository] Opened repository: /root/US-Prison-and-Secure-Detention-Facilities
2024-12-28 15:22:28.135 [info] > git for-each-ref --sort -committerdate --format %(refname) %(objectname) %(*objectname) [38ms]
2024-12-28 15:22:28.183 [info] > git for-each-ref --format=%(refname)%00%(upstream:short)%00%(objectname)%00%(upstream:track)%00%(upstream:remotename)%00%(upstream:remoteref) refs/heads/master refs/remotes/master [39ms]
2024-12-28 15:22:28.191 [info] > git merge-base refs/heads/master refs/remotes/origin/master [73ms]
2024-12-28 15:22:28.200 [info] > git diff --name-status -z --diff-filter=ADMR f733dc340b2a1c5b2e61a4da7de790b2f557175f...refs/remotes/origin/master [3ms]
2024-12-28 15:22:28.201 [info] > git config --local branch.master.vscode-merge-base [10ms]
2024-12-28 15:22:28.205 [info] > git config --get commit.template [43ms]
2024-12-28 15:22:28.206 [info] > git rev-parse --show-toplevel [49ms]
2024-12-28 15:22:28.207 [info] [Model][doInitialScan] Initial repository scan completed - repositories (4), closed repositories (0), parent repositories (0), unsafe repositories (0)
2024-12-28 15:22:28.208 [info] > git config --get commit.template [55ms]
2024-12-28 15:22:28.208 [info] > git for-each-ref --format=%(refname)%00%(upstream:short)%00%(objectname)%00%(upstream:track)%00%(upstream:remotename)%00%(upstream:remoteref) refs/heads/master refs/remotes/master [59ms]
2024-12-28 15:22:28.210 [info] > git for-each-ref --format=%(refname)%00%(upstream:short)%00%(objectname)%00%(upstream:track)%00%(upstream:remotename)%00%(upstream:remoteref) refs/heads/origin/master refs/remotes/origin/master [5ms]
2024-12-28 15:22:28.226 [info] > git merge-base refs/heads/master refs/remotes/origin/master [13ms]
2024-12-28 15:22:28.232 [info] > git for-each-ref --format=%(refname)%00%(upstream:short)%00%(objectname)%00%(upstream:track)%00%(upstream:remotename)%00%(upstream:remoteref) refs/heads/master refs/remotes/master [9ms]
2024-12-28 15:22:28.232 [info] > git for-each-ref --format=%(refname)%00%(upstream:short)%00%(objectname)%00%(upstream:track)%00%(upstream:remotename)%00%(upstream:remoteref) refs/heads/main refs/remotes/main [12ms]
2024-12-28 15:22:28.244 [warning] [Git][revParse] Unable to read file: ENOENT: no such file or directory, open '/root/.pyenv/.git/refs/remotes/origin/master'
2024-12-28 15:22:28.246 [warning] [Git][revParse] Unable to read file: ENOENT: no such file or directory, open '/root/US-Prison-and-Secure-Detention-Facilities/.git/refs/remotes/origin/main'
2024-12-28 15:22:28.247 [info] > git status -z -uall [11ms]
2024-12-28 15:22:28.247 [info] > git diff --name-status -z --diff-filter=ADMR 6511ce26cd52c1a604f79516f2d02a96e7b986a3...refs/remotes/origin/master [17ms]
2024-12-28 15:22:28.250 [info] > git rev-parse refs/remotes/origin/main [4ms]
2024-12-28 15:22:28.256 [info] > git rev-parse refs/remotes/origin/master [12ms]
2024-12-28 15:22:28.262 [info] > git for-each-ref --sort -committerdate --format %(refname) %(objectname) %(*objectname) [22ms]
2024-12-28 15:22:28.443 [info] > git status -z -uall [190ms]
2024-12-28 15:22:28.443 [info] > git status -z -uall [184ms]
2024-12-28 15:22:28.444 [info] > git for-each-ref --sort -committerdate --format %(refname) %(objectname) %(*objectname) [181ms]
2024-12-28 15:22:28.446 [info] > git for-each-ref --sort -committerdate --format %(refname) %(objectname) %(*objectname) [190ms]
2024-12-28 15:22:28.461 [info] > git for-each-ref --format=%(refname)%00%(upstream:short)%00%(objectname)%00%(upstream:track)%00%(upstream:remotename)%00%(upstream:remoteref) refs/heads/main refs/remotes/main [9ms]
2024-12-28 15:22:28.466 [info] > git config --get commit.template [6ms]
2024-12-28 15:22:28.466 [info] > git config --local branch.main.vscode-merge-base [1ms]
2024-12-28 15:22:28.527 [info] > git for-each-ref --format=%(refname)%00%(upstream:short)%00%(objectname)%00%(upstream:track)%00%(upstream:remotename)%00%(upstream:remoteref) refs/heads/main refs/remotes/main [52ms]
2024-12-28 15:22:28.527 [info] > git for-each-ref --format=%(refname)%00%(upstream:short)%00%(objectname)%00%(upstream:track)%00%(upstream:remotename)%00%(upstream:remoteref) refs/heads/origin/main refs/remotes/origin/main [56ms]
2024-12-28 15:22:28.536 [warning] [Git][revParse] Unable to read file: ENOENT: no such file or directory, open '/root/US-Prison-and-Secure-Detention-Facilities/.git/refs/remotes/origin/main'
2024-12-28 15:22:28.537 [info] > git merge-base refs/heads/main refs/remotes/origin/main [4ms]
2024-12-28 15:22:28.542 [info] > git rev-parse refs/remotes/origin/main [6ms]
2024-12-28 15:22:28.552 [info] > git status -z -uall [6ms]
2024-12-28 15:22:28.552 [info] > git for-each-ref --sort -committerdate --format %(refname) %(objectname) %(*objectname) [2ms]
2024-12-28 15:22:28.559 [info] > git diff --name-status -z --diff-filter=ADMR 2343d9d6f7f8e1f742476b59169e02c47e45d0d4...refs/remotes/origin/main [18ms]
2024-12-28 15:22:28.572 [info] > git merge-base refs/heads/main refs/remotes/origin/main [15ms]
2024-12-28 15:22:28.578 [info] > git diff --name-status -z --diff-filter=ADMR 2343d9d6f7f8e1f742476b59169e02c47e45d0d4...refs/remotes/origin/main [2ms]
2024-12-28 15:22:28.722 [info] > git check-ignore -v -z --stdin [18ms]
2024-12-28 15:22:28.723 [info] > git check-ignore -v -z --stdin [12ms]
2024-12-28 15:22:28.724 [info] > git check-ignore -v -z --stdin [8ms]
2024-12-28 15:22:28.724 [info] > git check-ignore -v -z --stdin [4ms]
2024-12-28 15:22:41.357 [info] > git check-ignore -v -z --stdin [3ms]
2024-12-28 15:26:22.227 [info] > git check-ignore -v -z --stdin [4ms]
2024-12-28 15:30:24.794 [info] > git check-ignore -v -z --stdin [4ms]
2024-12-28 15:31:06.612 [info] > git show --textconv :venv/pyvenv.cfg [7ms]
2024-12-28 15:31:06.615 [info] > git ls-files --stage -- /root/venv/pyvenv.cfg [4ms]
2024-12-28 15:32:08.736 [info] > git check-ignore -v -z --stdin [2ms]
2024-12-28 15:32:10.250 [info] > git check-ignore -v -z --stdin [2ms]
2024-12-28 15:32:21.437 [info] > git check-ignore -v -z --stdin [7ms]
2024-12-28 15:32:38.799 [info] > git check-ignore -v -z --stdin [4ms]
2024-12-28 15:32:59.511 [info] > git show --textconv :README.md [7ms]
2024-12-28 15:32:59.512 [info] > git ls-files --stage -- /root/US-Prison-and-Secure-Detention-Facilities/README.md [2ms]
2024-12-28 15:32:59.522 [info] > git cat-file -s 5bbf6de7d1997ee3bd90f89fbd4bb843af6de782 [5ms]
2024-12-28 15:34:14.599 [info] > git check-ignore -v -z --stdin [1ms]
2024-12-28 15:34:15.215 [info] > git config --get commit.template [1ms]
2024-12-28 15:34:15.221 [info] > git for-each-ref --format=%(refname)%00%(upstream:short)%00%(objectname)%00%(upstream:track)%00%(upstream:remotename)%00%(upstream:remoteref) refs/heads/main refs/remotes/main [2ms]
2024-12-28 15:34:15.227 [warning] [Git][revParse] Unable to read file: ENOENT: no such file or directory, open '/root/US-Prison-and-Secure-Detention-Facilities/.git/refs/remotes/origin/main'
2024-12-28 15:34:15.228 [info] > git rev-parse refs/remotes/origin/main [2ms]
2024-12-28 15:34:15.239 [info] > git status -z -uall [6ms]
2024-12-28 15:34:15.240 [info] > git for-each-ref --sort -committerdate --format %(refname) %(objectname) %(*objectname) [2ms]
2024-12-28 15:34:37.322 [info] > git blame --root --incremental 2343d9d6f7f8e1f742476b59169e02c47e45d0d4 -- /root/US-Prison-and-Secure-Detention-Facilities/README.md [2ms]
2024-12-28 15:38:33.282 [info] > git check-ignore -v -z --stdin [1ms]
2024-12-28 15:38:33.824 [info] > git config --get commit.template [2ms]
2024-12-28 15:38:33.831 [info] > git for-each-ref --format=%(refname)%00%(upstream:short)%00%(objectname)%00%(upstream:track)%00%(upstream:remotename)%00%(upstream:remoteref) refs/heads/main refs/remotes/main [2ms]
2024-12-28 15:38:33.836 [warning] [Git][revParse] Unable to read file: ENOENT: no such file or directory, open '/root/US-Prison-and-Secure-Detention-Facilities/.git/refs/remotes/origin/main'
2024-12-28 15:38:33.838 [info] > git rev-parse refs/remotes/origin/main [1ms]
2024-12-28 15:38:33.850 [info] > git for-each-ref --sort -committerdate --format %(refname) %(objectname) %(*objectname) [2ms]
2024-12-28 15:38:33.885 [info] > git status -z -uall [43ms]
2024-12-28 15:38:35.135 [info] > git check-ignore -v -z --stdin [1ms]
2024-12-28 15:41:32.726 [info] > git config --get commit.template [1ms]
2024-12-28 15:41:32.741 [info] > git for-each-ref --format=%(refname)%00%(upstream:short)%00%(objectname)%00%(upstream:track)%00%(upstream:remotename)%00%(upstream:remoteref) refs/heads/master refs/remotes/master [7ms]
2024-12-28 15:41:32.754 [info] > git for-each-ref --sort -committerdate --format %(refname) %(objectname) %(*objectname) [2ms]
2024-12-28 15:41:32.830 [info] > git status -z -uall [82ms]
2024-12-28 15:44:22.042 [info] > git show --textconv :venv/pyvenv.cfg [6ms]
2024-12-28 15:44:22.043 [info] > git ls-files --stage -- /root/US-Prison-and-Secure-Detention-Facilities/venv/pyvenv.cfg [1ms]
2024-12-28 15:44:23.672 [info] > git blame --root --incremental 2343d9d6f7f8e1f742476b59169e02c47e45d0d4 -- /root/US-Prison-and-Secure-Detention-Facilities/venv/pyvenv.cfg [4ms]
2024-12-28 15:44:23.672 [info] fatal: no such path venv/pyvenv.cfg in 2343d9d6f7f8e1f742476b59169e02c47e45d0d4
2024-12-28 15:44:59.211 [info] > git config --get commit.template [1ms]
2024-12-28 15:44:59.222 [info] > git for-each-ref --format=%(refname)%00%(upstream:short)%00%(objectname)%00%(upstream:track)%00%(upstream:remotename)%00%(upstream:remoteref) refs/heads/main refs/remotes/main [5ms]
2024-12-28 15:44:59.227 [warning] [Git][revParse] Unable to read file: ENOENT: no such file or directory, open '/root/US-Prison-and-Secure-Detention-Facilities/.git/refs/remotes/origin/main'
2024-12-28 15:44:59.228 [info] > git rev-parse refs/remotes/origin/main [0ms]
2024-12-28 15:44:59.241 [info] > git for-each-ref --sort -committerdate --format %(refname) %(objectname) %(*objectname) [2ms]
2024-12-28 15:44:59.421 [info] > git status -z -uall [188ms]
2024-12-28 15:45:33.832 [info] > git show --textconv :analysis.py [6ms]
2024-12-28 15:45:33.833 [info] > git ls-files --stage -- /root/US-Prison-and-Secure-Detention-Facilities/analysis.py [2ms]
2024-12-28 15:45:34.738 [info] > git config --get commit.template [1ms]
2024-12-28 15:45:34.743 [info] > git for-each-ref --format=%(refname)%00%(upstream:short)%00%(objectname)%00%(upstream:track)%00%(upstream:remotename)%00%(upstream:remoteref) refs/heads/main refs/remotes/main [0ms]
2024-12-28 15:45:34.749 [warning] [Git][revParse] Unable to read file: ENOENT: no such file or directory, open '/root/US-Prison-and-Secure-Detention-Facilities/.git/refs/remotes/origin/main'
2024-12-28 15:45:34.750 [info] > git rev-parse refs/remotes/origin/main [1ms]
2024-12-28 15:45:34.763 [info] > git for-each-ref --sort -committerdate --format %(refname) %(objectname) %(*objectname) [1ms]
2024-12-28 15:45:34.785 [info] > git status -z -uall [28ms]
2024-12-28 15:45:36.794 [info] > git blame --root --incremental 2343d9d6f7f8e1f742476b59169e02c47e45d0d4 -- /root/US-Prison-and-Secure-Detention-Facilities/analysis.py [1ms]
2024-12-28 15:45:36.794 [info] fatal: no such path analysis.py in 2343d9d6f7f8e1f742476b59169e02c47e45d0d4
2024-12-28 15:46:14.288 [info] > git show --textconv :analysis.py [8ms]
2024-12-28 15:46:14.290 [info] > git ls-files --stage -- /root/US-Prison-and-Secure-Detention-Facilities/analysis.py [4ms]
2024-12-28 15:47:03.423 [info] > git show --textconv :analysis.py [7ms]
2024-12-28 15:47:03.424 [info] > git ls-files --stage -- /root/US-Prison-and-Secure-Detention-Facilities/analysis.py [2ms]
2024-12-28 15:47:29.562 [info] > git show --textconv :analysis.py [6ms]
2024-12-28 15:47:29.562 [info] > git ls-files --stage -- /root/US-Prison-and-Secure-Detention-Facilities/analysis.py [1ms]
2024-12-28 15:49:02.619 [info] > git show --textconv :analysis.py [8ms]
2024-12-28 15:49:02.621 [info] > git ls-files --stage -- /root/US-Prison-and-Secure-Detention-Facilities/analysis.py [4ms]
2024-12-28 15:49:10.451 [info] > git show --textconv :analysis.py [8ms]
2024-12-28 15:49:10.452 [info] > git ls-files --stage -- /root/US-Prison-and-Secure-Detention-Facilities/analysis.py [2ms]
2024-12-28 15:51:40.054 [info] > git config --get commit.template [1ms]
2024-12-28 15:51:40.060 [info] > git for-each-ref --format=%(refname)%00%(upstream:short)%00%(objectname)%00%(upstream:track)%00%(upstream:remotename)%00%(upstream:remoteref) refs/heads/main refs/remotes/main [1ms]
2024-12-28 15:51:40.066 [warning] [Git][revParse] Unable to read file: ENOENT: no such file or directory, open '/root/US-Prison-and-Secure-Detention-Facilities/.git/refs/remotes/origin/main'
2024-12-28 15:51:40.066 [info] > git rev-parse refs/remotes/origin/main [1ms]
2024-12-28 15:51:40.078 [info] > git for-each-ref --sort -committerdate --format %(refname) %(objectname) %(*objectname) [1ms]
2024-12-28 15:51:40.095 [info] > git status -z -uall [24ms]
2024-12-28 15:53:05.173 [info] > git show --textconv :venv/pyvenv.cfg [7ms]
2024-12-28 15:53:05.174 [info] > git ls-files --stage -- /root/US-Prison-and-Secure-Detention-Facilities/venv/pyvenv.cfg [4ms]
2024-12-28 15:53:13.473 [info] > git show --textconv :analysis.py [9ms]
2024-12-28 15:53:13.473 [info] > git ls-files --stage -- /root/US-Prison-and-Secure-Detention-Facilities/analysis.py [2ms]
2024-12-28 15:53:28.585 [info] > git show --textconv :venv/pyvenv.cfg [7ms]
2024-12-28 15:53:28.587 [info] > git ls-files --stage -- /root/US-Prison-and-Secure-Detention-Facilities/venv/pyvenv.cfg [3ms]
2024-12-28 15:53:38.831 [info] > git show --textconv :analysis.py [6ms]
2024-12-28 15:53:38.832 [info] > git ls-files --stage -- /root/US-Prison-and-Secure-Detention-Facilities/analysis.py [1ms]
2024-12-28 15:53:45.763 [info] > git log --format=%H%n%aN%n%aE%n%at%n%ct%n%P%n%D%n%B -z --shortstat --diff-merges=first-parent -n50 --skip=0 --topo-order --decorate=full --stdin [29ms]
2024-12-28 15:54:07.118 [info] > git log --format=%H%n%aN%n%aE%n%at%n%ct%n%P%n%D%n%B -z --shortstat --diff-merges=first-parent -n50 --skip=0 --topo-order --decorate=full --stdin [59ms]
2024-12-28 15:54:07.566 [info] > git check-ignore -v -z --stdin [1ms]
2024-12-28 15:54:46.861 [info] > git check-ignore -v -z --stdin [1ms]
2024-12-28 15:54:47.660 [info] > git show --textconv :venv/bin/activate [6ms]
2024-12-28 15:54:47.661 [info] > git ls-files --stage -- /root/US-Prison-and-Secure-Detention-Facilities/venv/bin/activate [2ms]
2024-12-28 15:54:48.690 [info] > git show --textconv :venv/bin/activate.csh [6ms]
2024-12-28 15:54:48.691 [info] > git ls-files --stage -- /root/US-Prison-and-Secure-Detention-Facilities/venv/bin/activate.csh [1ms]
2024-12-28 15:54:53.152 [info] > git show --textconv :analysis.py [7ms]
2024-12-28 15:54:53.153 [info] > git ls-files --stage -- /root/US-Prison-and-Secure-Detention-Facilities/analysis.py [2ms]
2024-12-28 16:00:14.411 [info] > git check-ignore -v -z --stdin [5ms]
2024-12-28 16:00:29.696 [info] > git check-ignore -v -z --stdin [4ms]
2024-12-28 16:01:31.994 [info] > git check-ignore -v -z --stdin [5ms]
2024-12-28 16:03:03.497 [info] > git config --get commit.template [1ms]
2024-12-28 16:03:03.506 [info] > git for-each-ref --format=%(refname)%00%(upstream:short)%00%(objectname)%00%(upstream:track)%00%(upstream:remotename)%00%(upstream:remoteref) refs/heads/main refs/remotes/main [2ms]
2024-12-28 16:03:03.514 [warning] [Git][revParse] Unable to read file: ENOENT: no such file or directory, open '/root/US-Prison-and-Secure-Detention-Facilities/.git/refs/remotes/origin/main'
2024-12-28 16:03:03.514 [info] > git rev-parse refs/remotes/origin/main [1ms]
2024-12-28 16:03:03.529 [info] > git status -z -uall [8ms]
2024-12-28 16:03:03.530 [info] > git for-each-ref --sort -committerdate --format %(refname) %(objectname) %(*objectname) [2ms]
2024-12-28 16:03:20.980 [info] > git show --textconv :analysis.py [8ms]
2024-12-28 16:03:20.982 [info] > git ls-files --stage -- /root/US-Prison-and-Secure-Detention-Facilities/analysis.py [3ms]
2024-12-28 16:03:28.928 [info] > git show --textconv :analysis.py [8ms]
2024-12-28 16:03:28.929 [info] > git ls-files --stage -- /root/US-Prison-and-Secure-Detention-Facilities/analysis.py [2ms]
2024-12-28 16:04:13.119 [info] > git check-ignore -v -z --stdin [0ms]
2024-12-28 16:04:13.722 [info] > git config --get commit.template [1ms]
2024-12-28 16:04:13.730 [info] > git for-each-ref --format=%(refname)%00%(upstream:short)%00%(objectname)%00%(upstream:track)%00%(upstream:remotename)%00%(upstream:remoteref) refs/heads/main refs/remotes/main [1ms]
2024-12-28 16:04:13.737 [warning] [Git][revParse] Unable to read file: ENOENT: no such file or directory, open '/root/US-Prison-and-Secure-Detention-Facilities/.git/refs/remotes/origin/main'
2024-12-28 16:04:13.738 [info] > git rev-parse refs/remotes/origin/main [1ms]
2024-12-28 16:04:13.754 [info] > git status -z -uall [10ms]
2024-12-28 16:04:13.760 [info] > git for-each-ref --sort -committerdate --format %(refname) %(objectname) %(*objectname) [9ms]
2024-12-28 16:04:15.793 [info] > git check-ignore -v -z --stdin [1ms]
2024-12-28 16:05:36.873 [info] > git config --get commit.template [1ms]
2024-12-28 16:05:36.880 [info] > git for-each-ref --format=%(refname)%00%(upstream:short)%00%(objectname)%00%(upstream:track)%00%(upstream:remotename)%00%(upstream:remoteref) refs/heads/main refs/remotes/main [0ms]
2024-12-28 16:05:36.887 [warning] [Git][revParse] Unable to read file: ENOENT: no such file or directory, open '/root/US-Prison-and-Secure-Detention-Facilities/.git/refs/remotes/origin/main'
2024-12-28 16:05:36.887 [info] > git rev-parse refs/remotes/origin/main [0ms]
2024-12-28 16:05:36.904 [info] > git status -z -uall [10ms]
2024-12-28 16:05:36.911 [info] > git for-each-ref --sort -committerdate --format %(refname) %(objectname) %(*objectname) [9ms]
2024-12-28 16:06:16.441 [info] > git config --get commit.template [1ms]
2024-12-28 16:06:16.450 [info] > git for-each-ref --format=%(refname)%00%(upstream:short)%00%(objectname)%00%(upstream:track)%00%(upstream:remotename)%00%(upstream:remoteref) refs/heads/main refs/remotes/main [2ms]
2024-12-28 16:06:16.457 [warning] [Git][revParse] Unable to read file: ENOENT: no such file or directory, open '/root/US-Prison-and-Secure-Detention-Facilities/.git/refs/remotes/origin/main'
2024-12-28 16:06:16.458 [info] > git rev-parse refs/remotes/origin/main [0ms]
2024-12-28 16:06:16.473 [info] > git status -z -uall [9ms]
2024-12-28 16:06:16.479 [info] > git for-each-ref --sort -committerdate --format %(refname) %(objectname) %(*objectname) [7ms]
2024-12-28 16:06:46.467 [info] > git show --textconv :.bash_history [9ms]
2024-12-28 16:06:46.470 [info] > git ls-files --stage -- /root/.bash_history [3ms]
2024-12-28 16:06:46.478 [info] > git cat-file -s 3225163bfcc063a91e06fe3028ca31b664ce060a [0ms]
2024-12-28 16:06:46.530 [info] > git blame --root --incremental 7c787ba4edec5f2759ea889d6d0fe74cebd26825 -- /root/.bash_history [3ms]
