2024-08-03 13:41:49.210 [info] Experiment 'pythonaa' is active
2024-08-03 13:41:49.211 [info] Experiment 'pythonCreateEnvOnPipInstall' is active
2024-08-03 13:41:49.211 [info] Experiment 'pythonRecommendTensorboardExt' is active
2024-08-03 13:41:49.211 [info] Experiment 'pythonTerminalEnvVarActivation' is active
2024-08-03 13:41:49.211 [info] Experiment 'pythonTestAdapter' is active
2024-08-03 13:41:49.276 [info] Starting Environment refresh
2024-08-03 13:41:49.276 [info] Searching for interpreters in posix paths locator
2024-08-03 13:41:49.283 [info] Searching for pyenv environments
2024-08-03 13:41:49.283 [info] Searching for conda environments
2024-08-03 13:41:49.284 [info] Searching for global virtual environments
2024-08-03 13:41:49.284 [info] Searching for custom virtual environments
2024-08-03 13:41:49.664 [info] pyenv is not installed
2024-08-03 13:41:49.664 [info] Finished searching for pyenv environments: 386 milliseconds
2024-08-03 13:41:49.664 [info] Finished searching for custom virtual envs: 385 milliseconds
2024-08-03 13:41:49.676 [info] > conda info --json
2024-08-03 13:41:49.685 [info] Finished searching for global virtual envs: 406 milliseconds
2024-08-03 13:41:49.687 [info] Found: /bin/python3 --> /bin/python3.10
2024-08-03 13:41:49.688 [info] Found: /bin/python3.10 --> /bin/python3.10
2024-08-03 13:41:49.702 [info] Found: /usr/bin/python3 --> /usr/bin/python3.10
2024-08-03 13:41:49.702 [info] Found: /usr/bin/python3.10 --> /usr/bin/python3.10
2024-08-03 13:41:49.770 [info] Finished searching for interpreters in posix paths locator: 497 milliseconds
2024-08-03 13:41:49.770 [info] > /bin/python3 -I ~/.vscode-server/extensions/ms-python.python-2024.12.1-linux-x64/python_files/get_output_via_markers.py ~/.vscode-server/extensions/ms-python.python-2024.12.1-linux-x64/python_files/interpreterInfo.py
2024-08-03 13:41:49.793 [info] > /usr/bin/python3 -I ~/.vscode-server/extensions/ms-python.python-2024.12.1-linux-x64/python_files/get_output_via_markers.py ~/.vscode-server/extensions/ms-python.python-2024.12.1-linux-x64/python_files/interpreterInfo.py
2024-08-03 13:41:49.793 [info] Environments refresh paths discovered (event): 523 milliseconds
2024-08-03 13:41:49.793 [info] Environments refresh paths discovered: 523 milliseconds
2024-08-03 13:41:49.821 [info] Environments refresh finished (event): 551 milliseconds
2024-08-03 13:41:49.827 [info] Environment refresh took 558 milliseconds
2024-08-03 13:41:49.837 [info] > pixi --version
2024-08-03 13:41:49.838 [error] [Error: spawn pixi ENOENT
	at ChildProcess._handle.onexit (node:internal/child_process:286:19)
	at onErrorNT (node:internal/child_process:484:16)
	at process.processTicksAndRejections (node:internal/process/task_queues:82:21)] {
  errno: -2,
  code: 'ENOENT',
  syscall: 'spawn pixi',
  path: 'pixi',
  spawnargs: [ '--version' ]
}
2024-08-03 13:41:49.838 [warning] could not find a pixi interpreter for the interpreter at /bin/python3
2024-08-03 13:41:49.841 [info] Python interpreter path: /bin/python3
2024-08-03 13:41:50.056 [info] Shell integration status changed, can confirm it's working.
2024-08-03 13:41:50.057 [warning] could not find a pixi interpreter for the interpreter at /bin/python3
2024-08-03 13:41:50.789 [info] Starting Pylance language server.
2024-08-03 13:41:50.857 [warning] could not find a pixi interpreter for the interpreter at /bin/python3
