2024-12-28 16:07:19.756 [info] [main] Log level: Info
2024-12-28 16:07:19.756 [info] [main] Validating found git in: "git"
2024-12-28 16:07:19.756 [info] [main] Using git "2.34.1" from "git"
2024-12-28 16:07:19.756 [info] [Model][doInitialScan] Initial repository scan started
2024-12-28 16:07:19.756 [info] > git rev-parse --show-toplevel [3ms]
2024-12-28 16:07:19.756 [info] > git rev-parse --git-dir --git-common-dir [1ms]
2024-12-28 16:07:19.756 [info] [Model][openRepository] Opened repository: /root
2024-12-28 16:07:19.756 [info] > git config --get commit.template [3ms]
2024-12-28 16:07:19.756 [info] > git for-each-ref --format=%(refname)%00%(upstream:short)%00%(objectname)%00%(upstream:track)%00%(upstream:remotename)%00%(upstream:remoteref) refs/heads/main refs/remotes/main [11ms]
2024-12-28 16:07:19.756 [info] > git rev-parse --show-toplevel [18ms]
2024-12-28 16:07:19.802 [info] > git rev-parse --show-toplevel [39ms]
2024-12-28 16:07:19.802 [info] > git for-each-ref --sort -committerdate --format %(refname) %(objectname) %(*objectname) [48ms]
2024-12-28 16:07:19.814 [info] > git rev-parse --show-toplevel [2ms]
2024-12-28 16:07:19.819 [info] > git rev-parse --show-toplevel [1ms]
2024-12-28 16:07:19.824 [info] > git rev-parse --show-toplevel [1ms]
2024-12-28 16:07:19.830 [info] > git rev-parse --git-dir --git-common-dir [1ms]
2024-12-28 16:07:19.835 [info] [Model][openRepository] Opened repository: /root/.oh-my-zsh
2024-12-28 16:07:19.851 [info] > git rev-parse --show-toplevel [2ms]
2024-12-28 16:07:19.852 [info] > git config --get commit.template [7ms]
2024-12-28 16:07:19.864 [info] > git rev-parse --git-dir --git-common-dir [6ms]
2024-12-28 16:07:19.869 [info] [Model][openRepository] Opened repository: /root/.pyenv
2024-12-28 16:07:19.883 [info] > git for-each-ref --format=%(refname)%00%(upstream:short)%00%(objectname)%00%(upstream:track)%00%(upstream:remotename)%00%(upstream:remoteref) refs/heads/master refs/remotes/master [20ms]
2024-12-28 16:07:19.885 [info] > git rev-parse --show-toplevel [2ms]
2024-12-28 16:07:19.885 [info] > git config --get commit.template [9ms]
2024-12-28 16:07:19.908 [info] > git status -z -uall [7ms]
2024-12-28 16:07:19.908 [info] > git for-each-ref --format=%(refname)%00%(upstream:short)%00%(objectname)%00%(upstream:track)%00%(upstream:remotename)%00%(upstream:remoteref) refs/heads/master refs/remotes/master [13ms]
2024-12-28 16:07:19.908 [info] > git rev-parse --show-toplevel [18ms]
2024-12-28 16:07:19.915 [warning] [Git][revParse] Unable to read file: ENOENT: no such file or directory, open '/root/.pyenv/.git/refs/remotes/origin/master'
2024-12-28 16:07:19.922 [info] > git for-each-ref --sort -committerdate --format %(refname) %(objectname) %(*objectname) [15ms]
2024-12-28 16:07:19.952 [info] > git for-each-ref --format=%(refname)%00%(upstream:short)%00%(objectname)%00%(upstream:track)%00%(upstream:remotename)%00%(upstream:remoteref) refs/heads/master refs/remotes/master [16ms]
2024-12-28 16:07:19.958 [info] > git rev-parse --show-toplevel [39ms]
2024-12-28 16:07:19.959 [info] > git rev-parse refs/remotes/origin/master [45ms]
2024-12-28 16:07:19.991 [info] > git status -z -uall [27ms]
2024-12-28 16:07:19.991 [info] > git config --local branch.master.vscode-merge-base [33ms]
2024-12-28 16:07:20.002 [info] > git config --get commit.template [54ms]
2024-12-28 16:07:20.009 [info] > git for-each-ref --format=%(refname)%00%(upstream:short)%00%(objectname)%00%(upstream:track)%00%(upstream:remotename)%00%(upstream:remoteref) refs/heads/origin/master refs/remotes/origin/master [8ms]
2024-12-28 16:07:20.037 [info] > git rev-parse --git-dir --git-common-dir [53ms]
2024-12-28 16:07:20.041 [info] [Model][openRepository] Opened repository: /root/US-Prison-and-Secure-Detention-Facilities
2024-12-28 16:07:20.044 [info] > git for-each-ref --sort -committerdate --format %(refname) %(objectname) %(*objectname) [71ms]
2024-12-28 16:07:20.085 [info] > git for-each-ref --format=%(refname)%00%(upstream:short)%00%(objectname)%00%(upstream:track)%00%(upstream:remotename)%00%(upstream:remoteref) refs/heads/master refs/remotes/master [31ms]
2024-12-28 16:07:20.092 [info] > git merge-base refs/heads/master refs/remotes/origin/master [71ms]
2024-12-28 16:07:20.114 [info] > git config --local branch.master.vscode-merge-base [22ms]
2024-12-28 16:07:20.119 [info] > git config --get commit.template [42ms]
2024-12-28 16:07:20.120 [info] > git rev-parse --show-toplevel [47ms]
2024-12-28 16:07:20.126 [info] [Model][doInitialScan] Initial repository scan completed - repositories (4), closed repositories (0), parent repositories (0), unsafe repositories (0)
2024-12-28 16:07:20.126 [info] > git config --get commit.template [58ms]
2024-12-28 16:07:20.127 [info] > git for-each-ref --format=%(refname)%00%(upstream:short)%00%(objectname)%00%(upstream:track)%00%(upstream:remotename)%00%(upstream:remoteref) refs/heads/master refs/remotes/master [63ms]
2024-12-28 16:07:20.146 [info] > git status -z -uall [401ms] (cancelled)
2024-12-28 16:07:20.146 [info] > git for-each-ref --format=%(refname)%00%(upstream:short)%00%(objectname)%00%(upstream:track)%00%(upstream:remotename)%00%(upstream:remoteref) refs/heads/origin/master refs/remotes/origin/master [28ms]
2024-12-28 16:07:20.158 [info] > git diff --name-status -z --diff-filter=ADMR f733dc340b2a1c5b2e61a4da7de790b2f557175f...refs/remotes/origin/master [62ms]
2024-12-28 16:07:20.173 [info] > git merge-base refs/heads/master refs/remotes/origin/master [19ms]
2024-12-28 16:07:20.179 [info] > git for-each-ref --format=%(refname)%00%(upstream:short)%00%(objectname)%00%(upstream:track)%00%(upstream:remotename)%00%(upstream:remoteref) refs/heads/master refs/remotes/master [9ms]
2024-12-28 16:07:20.180 [info] > git for-each-ref --format=%(refname)%00%(upstream:short)%00%(objectname)%00%(upstream:track)%00%(upstream:remotename)%00%(upstream:remoteref) refs/heads/main refs/remotes/main [14ms]
2024-12-28 16:07:20.196 [warning] [Git][revParse] Unable to read file: ENOENT: no such file or directory, open '/root/.pyenv/.git/refs/remotes/origin/master'
2024-12-28 16:07:20.196 [info] > git status -z -uall [11ms]
2024-12-28 16:07:20.197 [info] > git diff --name-status -z --diff-filter=ADMR 6511ce26cd52c1a604f79516f2d02a96e7b986a3...refs/remotes/origin/master [19ms]
2024-12-28 16:07:20.200 [warning] [Git][revParse] Unable to read file: ENOENT: no such file or directory, open '/root/US-Prison-and-Secure-Detention-Facilities/.git/refs/remotes/origin/main'
2024-12-28 16:07:20.202 [info] > git rev-parse refs/remotes/origin/master [6ms]
2024-12-28 16:07:20.212 [info] > git for-each-ref --sort -committerdate --format %(refname) %(objectname) %(*objectname) [20ms]
2024-12-28 16:07:20.215 [info] > git status -z -uall [8ms]
2024-12-28 16:07:20.216 [info] > git for-each-ref --sort -committerdate --format %(refname) %(objectname) %(*objectname) [4ms]
2024-12-28 16:07:20.220 [info] > git rev-parse refs/remotes/origin/main [20ms]
2024-12-28 16:07:20.232 [info] > git status -z -uall [7ms]
2024-12-28 16:07:20.246 [info] > git for-each-ref --sort -committerdate --format %(refname) %(objectname) %(*objectname) [16ms]
2024-12-28 16:07:20.610 [info] > git for-each-ref --format=%(refname)%00%(upstream:short)%00%(objectname)%00%(upstream:track)%00%(upstream:remotename)%00%(upstream:remoteref) refs/heads/main refs/remotes/main [338ms]
2024-12-28 16:07:20.829 [info] > git check-ignore -v -z --stdin [37ms]
2024-12-28 16:07:20.830 [info] > git check-ignore -v -z --stdin [29ms]
2024-12-28 16:07:20.830 [info] > git check-ignore -v -z --stdin [20ms]
2024-12-28 16:07:20.830 [info] > git check-ignore -v -z --stdin [16ms]
2024-12-28 16:07:20.831 [info] > git show --textconv :.bash_history [8ms]
2024-12-28 16:07:20.831 [info] > git config --local branch.main.vscode-merge-base [216ms]
2024-12-28 16:07:20.835 [info] > git config --get commit.template [518ms]
2024-12-28 16:07:20.899 [info] > git for-each-ref --format=%(refname)%00%(upstream:short)%00%(objectname)%00%(upstream:track)%00%(upstream:remotename)%00%(upstream:remoteref) refs/heads/origin/main refs/remotes/origin/main [64ms]
2024-12-28 16:07:20.907 [info] > git ls-files --stage -- /root/.bash_history [79ms]
2024-12-28 16:07:20.930 [info] > git cat-file -s 3225163bfcc063a91e06fe3028ca31b664ce060a [18ms]
2024-12-28 16:07:20.930 [info] > git merge-base refs/heads/main refs/remotes/origin/main [24ms]
2024-12-28 16:07:20.940 [info] > git for-each-ref --format=%(refname)%00%(upstream:short)%00%(objectname)%00%(upstream:track)%00%(upstream:remotename)%00%(upstream:remoteref) refs/heads/main refs/remotes/main [22ms]
2024-12-28 16:07:20.940 [info] > git diff --name-status -z --diff-filter=ADMR 2343d9d6f7f8e1f742476b59169e02c47e45d0d4...refs/remotes/origin/main [5ms]
2024-12-28 16:07:20.945 [warning] [Git][revParse] Unable to read file: ENOENT: no such file or directory, open '/root/US-Prison-and-Secure-Detention-Facilities/.git/refs/remotes/origin/main'
2024-12-28 16:07:20.952 [info] > git rev-parse refs/remotes/origin/main [7ms]
2024-12-28 16:07:20.962 [info] > git status -z -uall [6ms]
2024-12-28 16:07:20.966 [info] > git blame --root --incremental 7c787ba4edec5f2759ea889d6d0fe74cebd26825 -- /root/.bash_history [15ms]
2024-12-28 16:07:20.968 [info] > git for-each-ref --sort -committerdate --format %(refname) %(objectname) %(*objectname) [8ms]
