2024-08-03 14:03:42.589 [info] Extension host with pid 7717 started
2024-08-03 14:03:42.610 [info] ExtensionService#_doActivateExtension vscode.emmet, startup: false, activationEvent: 'onLanguage'
2024-08-03 14:03:42.611 [info] ExtensionService#_doActivateExtension ms-python.python, startup: false, activationEvent: 'onLanguage:python'
2024-08-03 14:03:42.611 [info] ExtensionService#_doActivateExtension ms-toolsai.jupyter, startup: false, activationEvent: 'onLanguage:python'
2024-08-03 14:03:43.285 [info] Extension host terminating: received terminate message from renderer
2024-08-03 14:03:43.295 [error] Canceled: Canceled
	at Object.u [as $5] (/root/.vscode-server/bin/b1c0a14de1414fcdaa400695b4db1c0799bc3124/out/vs/workbench/api/node/extensionHostProcess.js:10:1082)
	at /root/.vscode-server/bin/b1c0a14de1414fcdaa400695b4db1c0799bc3124/out/vs/workbench/api/node/extensionHostProcess.js:151:2406
	at Array.forEach (<anonymous>)
	at y.dispose (/root/.vscode-server/bin/b1c0a14de1414fcdaa400695b4db1c0799bc3124/out/vs/workbench/api/node/extensionHostProcess.js:151:2344)
	at m.terminate (/root/.vscode-server/bin/b1c0a14de1414fcdaa400695b4db1c0799bc3124/out/vs/workbench/api/node/extensionHostProcess.js:160:8163)
	at $.terminate (/root/.vscode-server/bin/b1c0a14de1414fcdaa400695b4db1c0799bc3124/out/vs/workbench/api/node/extensionHostProcess.js:164:1513)
	at o (/root/.vscode-server/bin/b1c0a14de1414fcdaa400695b4db1c0799bc3124/out/vs/workbench/api/node/extensionHostProcess.js:177:10633)
	at i.value (/root/.vscode-server/bin/b1c0a14de1414fcdaa400695b4db1c0799bc3124/out/vs/workbench/api/node/extensionHostProcess.js:177:8601)
	at n.B (/root/.vscode-server/bin/b1c0a14de1414fcdaa400695b4db1c0799bc3124/out/vs/workbench/api/node/extensionHostProcess.js:83:737)
	at n.fire (/root/.vscode-server/bin/b1c0a14de1414fcdaa400695b4db1c0799bc3124/out/vs/workbench/api/node/extensionHostProcess.js:83:954)
	at s.fire (/root/.vscode-server/bin/b1c0a14de1414fcdaa400695b4db1c0799bc3124/out/vs/workbench/api/node/extensionHostProcess.js:97:14453)
	at d.A (/root/.vscode-server/bin/b1c0a14de1414fcdaa400695b4db1c0799bc3124/out/vs/workbench/api/node/extensionHostProcess.js:97:17612)
	at i.value (/root/.vscode-server/bin/b1c0a14de1414fcdaa400695b4db1c0799bc3124/out/vs/workbench/api/node/extensionHostProcess.js:97:15970)
	at n.B (/root/.vscode-server/bin/b1c0a14de1414fcdaa400695b4db1c0799bc3124/out/vs/workbench/api/node/extensionHostProcess.js:83:737)
	at n.fire (/root/.vscode-server/bin/b1c0a14de1414fcdaa400695b4db1c0799bc3124/out/vs/workbench/api/node/extensionHostProcess.js:83:954)
	at m.acceptChunk (/root/.vscode-server/bin/b1c0a14de1414fcdaa400695b4db1c0799bc3124/out/vs/workbench/api/node/extensionHostProcess.js:97:12199)
	at i.value (/root/.vscode-server/bin/b1c0a14de1414fcdaa400695b4db1c0799bc3124/out/vs/workbench/api/node/extensionHostProcess.js:97:11469)
	at n.B (/root/.vscode-server/bin/b1c0a14de1414fcdaa400695b4db1c0799bc3124/out/vs/workbench/api/node/extensionHostProcess.js:83:737)
	at n.fire (/root/.vscode-server/bin/b1c0a14de1414fcdaa400695b4db1c0799bc3124/out/vs/workbench/api/node/extensionHostProcess.js:83:954)
	at s.z (/root/.vscode-server/bin/b1c0a14de1414fcdaa400695b4db1c0799bc3124/out/vs/workbench/api/node/extensionHostProcess.js:174:21458)
	at s.acceptFrame (/root/.vscode-server/bin/b1c0a14de1414fcdaa400695b4db1c0799bc3124/out/vs/workbench/api/node/extensionHostProcess.js:174:21264)
	at i.n (/root/.vscode-server/bin/b1c0a14de1414fcdaa400695b4db1c0799bc3124/out/vs/workbench/api/node/extensionHostProcess.js:174:19709)
	at /root/.vscode-server/bin/b1c0a14de1414fcdaa400695b4db1c0799bc3124/out/vs/workbench/api/node/extensionHostProcess.js:174:16636
	at Socket.v (/root/.vscode-server/bin/b1c0a14de1414fcdaa400695b4db1c0799bc3124/out/vs/workbench/api/node/extensionHostProcess.js:174:14266)
	at Socket.emit (node:events:519:28)
	at addChunk (node:internal/streams/readable:559:12)
	at readableAddChunkPushByteMode (node:internal/streams/readable:510:3)
	at Readable.push (node:internal/streams/readable:390:5)
	at TCP.onStreamRead (node:internal/stream_base_commons:191:23) setContext undefined
2024-08-03 14:03:43.296 [error] Canceled: Canceled
	at Object.u [as $5] (/root/.vscode-server/bin/b1c0a14de1414fcdaa400695b4db1c0799bc3124/out/vs/workbench/api/node/extensionHostProcess.js:10:1082)
	at /root/.vscode-server/bin/b1c0a14de1414fcdaa400695b4db1c0799bc3124/out/vs/workbench/api/node/extensionHostProcess.js:151:2406
	at Array.forEach (<anonymous>)
	at y.dispose (/root/.vscode-server/bin/b1c0a14de1414fcdaa400695b4db1c0799bc3124/out/vs/workbench/api/node/extensionHostProcess.js:151:2344)
	at m.terminate (/root/.vscode-server/bin/b1c0a14de1414fcdaa400695b4db1c0799bc3124/out/vs/workbench/api/node/extensionHostProcess.js:160:8163)
	at $.terminate (/root/.vscode-server/bin/b1c0a14de1414fcdaa400695b4db1c0799bc3124/out/vs/workbench/api/node/extensionHostProcess.js:164:1513)
	at o (/root/.vscode-server/bin/b1c0a14de1414fcdaa400695b4db1c0799bc3124/out/vs/workbench/api/node/extensionHostProcess.js:177:10633)
	at i.value (/root/.vscode-server/bin/b1c0a14de1414fcdaa400695b4db1c0799bc3124/out/vs/workbench/api/node/extensionHostProcess.js:177:8601)
	at n.B (/root/.vscode-server/bin/b1c0a14de1414fcdaa400695b4db1c0799bc3124/out/vs/workbench/api/node/extensionHostProcess.js:83:737)
	at n.fire (/root/.vscode-server/bin/b1c0a14de1414fcdaa400695b4db1c0799bc3124/out/vs/workbench/api/node/extensionHostProcess.js:83:954)
	at s.fire (/root/.vscode-server/bin/b1c0a14de1414fcdaa400695b4db1c0799bc3124/out/vs/workbench/api/node/extensionHostProcess.js:97:14453)
	at d.A (/root/.vscode-server/bin/b1c0a14de1414fcdaa400695b4db1c0799bc3124/out/vs/workbench/api/node/extensionHostProcess.js:97:17612)
	at i.value (/root/.vscode-server/bin/b1c0a14de1414fcdaa400695b4db1c0799bc3124/out/vs/workbench/api/node/extensionHostProcess.js:97:15970)
	at n.B (/root/.vscode-server/bin/b1c0a14de1414fcdaa400695b4db1c0799bc3124/out/vs/workbench/api/node/extensionHostProcess.js:83:737)
	at n.fire (/root/.vscode-server/bin/b1c0a14de1414fcdaa400695b4db1c0799bc3124/out/vs/workbench/api/node/extensionHostProcess.js:83:954)
	at m.acceptChunk (/root/.vscode-server/bin/b1c0a14de1414fcdaa400695b4db1c0799bc3124/out/vs/workbench/api/node/extensionHostProcess.js:97:12199)
	at i.value (/root/.vscode-server/bin/b1c0a14de1414fcdaa400695b4db1c0799bc3124/out/vs/workbench/api/node/extensionHostProcess.js:97:11469)
	at n.B (/root/.vscode-server/bin/b1c0a14de1414fcdaa400695b4db1c0799bc3124/out/vs/workbench/api/node/extensionHostProcess.js:83:737)
	at n.fire (/root/.vscode-server/bin/b1c0a14de1414fcdaa400695b4db1c0799bc3124/out/vs/workbench/api/node/extensionHostProcess.js:83:954)
	at s.z (/root/.vscode-server/bin/b1c0a14de1414fcdaa400695b4db1c0799bc3124/out/vs/workbench/api/node/extensionHostProcess.js:174:21458)
	at s.acceptFrame (/root/.vscode-server/bin/b1c0a14de1414fcdaa400695b4db1c0799bc3124/out/vs/workbench/api/node/extensionHostProcess.js:174:21264)
	at i.n (/root/.vscode-server/bin/b1c0a14de1414fcdaa400695b4db1c0799bc3124/out/vs/workbench/api/node/extensionHostProcess.js:174:19709)
	at /root/.vscode-server/bin/b1c0a14de1414fcdaa400695b4db1c0799bc3124/out/vs/workbench/api/node/extensionHostProcess.js:174:16636
	at Socket.v (/root/.vscode-server/bin/b1c0a14de1414fcdaa400695b4db1c0799bc3124/out/vs/workbench/api/node/extensionHostProcess.js:174:14266)
	at Socket.emit (node:events:519:28)
	at addChunk (node:internal/streams/readable:559:12)
	at readableAddChunkPushByteMode (node:internal/streams/readable:510:3)
	at Readable.push (node:internal/streams/readable:390:5)
	at TCP.onStreamRead (node:internal/stream_base_commons:191:23) setContext undefined
2024-08-03 14:03:43.296 [error] Canceled: Canceled
	at Object.u [as $5] (/root/.vscode-server/bin/b1c0a14de1414fcdaa400695b4db1c0799bc3124/out/vs/workbench/api/node/extensionHostProcess.js:10:1082)
	at /root/.vscode-server/bin/b1c0a14de1414fcdaa400695b4db1c0799bc3124/out/vs/workbench/api/node/extensionHostProcess.js:151:2406
	at Array.forEach (<anonymous>)
	at y.dispose (/root/.vscode-server/bin/b1c0a14de1414fcdaa400695b4db1c0799bc3124/out/vs/workbench/api/node/extensionHostProcess.js:151:2344)
	at m.terminate (/root/.vscode-server/bin/b1c0a14de1414fcdaa400695b4db1c0799bc3124/out/vs/workbench/api/node/extensionHostProcess.js:160:8163)
	at $.terminate (/root/.vscode-server/bin/b1c0a14de1414fcdaa400695b4db1c0799bc3124/out/vs/workbench/api/node/extensionHostProcess.js:164:1513)
	at o (/root/.vscode-server/bin/b1c0a14de1414fcdaa400695b4db1c0799bc3124/out/vs/workbench/api/node/extensionHostProcess.js:177:10633)
	at i.value (/root/.vscode-server/bin/b1c0a14de1414fcdaa400695b4db1c0799bc3124/out/vs/workbench/api/node/extensionHostProcess.js:177:8601)
	at n.B (/root/.vscode-server/bin/b1c0a14de1414fcdaa400695b4db1c0799bc3124/out/vs/workbench/api/node/extensionHostProcess.js:83:737)
	at n.fire (/root/.vscode-server/bin/b1c0a14de1414fcdaa400695b4db1c0799bc3124/out/vs/workbench/api/node/extensionHostProcess.js:83:954)
	at s.fire (/root/.vscode-server/bin/b1c0a14de1414fcdaa400695b4db1c0799bc3124/out/vs/workbench/api/node/extensionHostProcess.js:97:14453)
	at d.A (/root/.vscode-server/bin/b1c0a14de1414fcdaa400695b4db1c0799bc3124/out/vs/workbench/api/node/extensionHostProcess.js:97:17612)
	at i.value (/root/.vscode-server/bin/b1c0a14de1414fcdaa400695b4db1c0799bc3124/out/vs/workbench/api/node/extensionHostProcess.js:97:15970)
	at n.B (/root/.vscode-server/bin/b1c0a14de1414fcdaa400695b4db1c0799bc3124/out/vs/workbench/api/node/extensionHostProcess.js:83:737)
	at n.fire (/root/.vscode-server/bin/b1c0a14de1414fcdaa400695b4db1c0799bc3124/out/vs/workbench/api/node/extensionHostProcess.js:83:954)
	at m.acceptChunk (/root/.vscode-server/bin/b1c0a14de1414fcdaa400695b4db1c0799bc3124/out/vs/workbench/api/node/extensionHostProcess.js:97:12199)
	at i.value (/root/.vscode-server/bin/b1c0a14de1414fcdaa400695b4db1c0799bc3124/out/vs/workbench/api/node/extensionHostProcess.js:97:11469)
	at n.B (/root/.vscode-server/bin/b1c0a14de1414fcdaa400695b4db1c0799bc3124/out/vs/workbench/api/node/extensionHostProcess.js:83:737)
	at n.fire (/root/.vscode-server/bin/b1c0a14de1414fcdaa400695b4db1c0799bc3124/out/vs/workbench/api/node/extensionHostProcess.js:83:954)
	at s.z (/root/.vscode-server/bin/b1c0a14de1414fcdaa400695b4db1c0799bc3124/out/vs/workbench/api/node/extensionHostProcess.js:174:21458)
	at s.acceptFrame (/root/.vscode-server/bin/b1c0a14de1414fcdaa400695b4db1c0799bc3124/out/vs/workbench/api/node/extensionHostProcess.js:174:21264)
	at i.n (/root/.vscode-server/bin/b1c0a14de1414fcdaa400695b4db1c0799bc3124/out/vs/workbench/api/node/extensionHostProcess.js:174:19709)
	at /root/.vscode-server/bin/b1c0a14de1414fcdaa400695b4db1c0799bc3124/out/vs/workbench/api/node/extensionHostProcess.js:174:16636
	at Socket.v (/root/.vscode-server/bin/b1c0a14de1414fcdaa400695b4db1c0799bc3124/out/vs/workbench/api/node/extensionHostProcess.js:174:14266)
	at Socket.emit (node:events:519:28)
	at addChunk (node:internal/streams/readable:559:12)
	at readableAddChunkPushByteMode (node:internal/streams/readable:510:3)
	at Readable.push (node:internal/streams/readable:390:5)
	at TCP.onStreamRead (node:internal/stream_base_commons:191:23) setContext undefined
2024-08-03 14:03:43.296 [error] Canceled: Canceled
	at Object.u [as $5] (/root/.vscode-server/bin/b1c0a14de1414fcdaa400695b4db1c0799bc3124/out/vs/workbench/api/node/extensionHostProcess.js:10:1082)
	at /root/.vscode-server/bin/b1c0a14de1414fcdaa400695b4db1c0799bc3124/out/vs/workbench/api/node/extensionHostProcess.js:151:2406
	at Array.forEach (<anonymous>)
	at y.dispose (/root/.vscode-server/bin/b1c0a14de1414fcdaa400695b4db1c0799bc3124/out/vs/workbench/api/node/extensionHostProcess.js:151:2344)
	at m.terminate (/root/.vscode-server/bin/b1c0a14de1414fcdaa400695b4db1c0799bc3124/out/vs/workbench/api/node/extensionHostProcess.js:160:8163)
	at $.terminate (/root/.vscode-server/bin/b1c0a14de1414fcdaa400695b4db1c0799bc3124/out/vs/workbench/api/node/extensionHostProcess.js:164:1513)
	at o (/root/.vscode-server/bin/b1c0a14de1414fcdaa400695b4db1c0799bc3124/out/vs/workbench/api/node/extensionHostProcess.js:177:10633)
	at i.value (/root/.vscode-server/bin/b1c0a14de1414fcdaa400695b4db1c0799bc3124/out/vs/workbench/api/node/extensionHostProcess.js:177:8601)
	at n.B (/root/.vscode-server/bin/b1c0a14de1414fcdaa400695b4db1c0799bc3124/out/vs/workbench/api/node/extensionHostProcess.js:83:737)
	at n.fire (/root/.vscode-server/bin/b1c0a14de1414fcdaa400695b4db1c0799bc3124/out/vs/workbench/api/node/extensionHostProcess.js:83:954)
	at s.fire (/root/.vscode-server/bin/b1c0a14de1414fcdaa400695b4db1c0799bc3124/out/vs/workbench/api/node/extensionHostProcess.js:97:14453)
	at d.A (/root/.vscode-server/bin/b1c0a14de1414fcdaa400695b4db1c0799bc3124/out/vs/workbench/api/node/extensionHostProcess.js:97:17612)
	at i.value (/root/.vscode-server/bin/b1c0a14de1414fcdaa400695b4db1c0799bc3124/out/vs/workbench/api/node/extensionHostProcess.js:97:15970)
	at n.B (/root/.vscode-server/bin/b1c0a14de1414fcdaa400695b4db1c0799bc3124/out/vs/workbench/api/node/extensionHostProcess.js:83:737)
	at n.fire (/root/.vscode-server/bin/b1c0a14de1414fcdaa400695b4db1c0799bc3124/out/vs/workbench/api/node/extensionHostProcess.js:83:954)
	at m.acceptChunk (/root/.vscode-server/bin/b1c0a14de1414fcdaa400695b4db1c0799bc3124/out/vs/workbench/api/node/extensionHostProcess.js:97:12199)
	at i.value (/root/.vscode-server/bin/b1c0a14de1414fcdaa400695b4db1c0799bc3124/out/vs/workbench/api/node/extensionHostProcess.js:97:11469)
	at n.B (/root/.vscode-server/bin/b1c0a14de1414fcdaa400695b4db1c0799bc3124/out/vs/workbench/api/node/extensionHostProcess.js:83:737)
	at n.fire (/root/.vscode-server/bin/b1c0a14de1414fcdaa400695b4db1c0799bc3124/out/vs/workbench/api/node/extensionHostProcess.js:83:954)
	at s.z (/root/.vscode-server/bin/b1c0a14de1414fcdaa400695b4db1c0799bc3124/out/vs/workbench/api/node/extensionHostProcess.js:174:21458)
	at s.acceptFrame (/root/.vscode-server/bin/b1c0a14de1414fcdaa400695b4db1c0799bc3124/out/vs/workbench/api/node/extensionHostProcess.js:174:21264)
	at i.n (/root/.vscode-server/bin/b1c0a14de1414fcdaa400695b4db1c0799bc3124/out/vs/workbench/api/node/extensionHostProcess.js:174:19709)
	at /root/.vscode-server/bin/b1c0a14de1414fcdaa400695b4db1c0799bc3124/out/vs/workbench/api/node/extensionHostProcess.js:174:16636
	at Socket.v (/root/.vscode-server/bin/b1c0a14de1414fcdaa400695b4db1c0799bc3124/out/vs/workbench/api/node/extensionHostProcess.js:174:14266)
	at Socket.emit (node:events:519:28)
	at addChunk (node:internal/streams/readable:559:12)
	at readableAddChunkPushByteMode (node:internal/streams/readable:510:3)
	at Readable.push (node:internal/streams/readable:390:5)
	at TCP.onStreamRead (node:internal/stream_base_commons:191:23) setContext undefined
2024-08-03 14:03:43.296 [error] Canceled: Canceled
	at Object.u [as $5] (/root/.vscode-server/bin/b1c0a14de1414fcdaa400695b4db1c0799bc3124/out/vs/workbench/api/node/extensionHostProcess.js:10:1082)
	at /root/.vscode-server/bin/b1c0a14de1414fcdaa400695b4db1c0799bc3124/out/vs/workbench/api/node/extensionHostProcess.js:151:2406
	at Array.forEach (<anonymous>)
	at y.dispose (/root/.vscode-server/bin/b1c0a14de1414fcdaa400695b4db1c0799bc3124/out/vs/workbench/api/node/extensionHostProcess.js:151:2344)
	at m.terminate (/root/.vscode-server/bin/b1c0a14de1414fcdaa400695b4db1c0799bc3124/out/vs/workbench/api/node/extensionHostProcess.js:160:8163)
	at $.terminate (/root/.vscode-server/bin/b1c0a14de1414fcdaa400695b4db1c0799bc3124/out/vs/workbench/api/node/extensionHostProcess.js:164:1513)
	at o (/root/.vscode-server/bin/b1c0a14de1414fcdaa400695b4db1c0799bc3124/out/vs/workbench/api/node/extensionHostProcess.js:177:10633)
	at i.value (/root/.vscode-server/bin/b1c0a14de1414fcdaa400695b4db1c0799bc3124/out/vs/workbench/api/node/extensionHostProcess.js:177:8601)
	at n.B (/root/.vscode-server/bin/b1c0a14de1414fcdaa400695b4db1c0799bc3124/out/vs/workbench/api/node/extensionHostProcess.js:83:737)
	at n.fire (/root/.vscode-server/bin/b1c0a14de1414fcdaa400695b4db1c0799bc3124/out/vs/workbench/api/node/extensionHostProcess.js:83:954)
	at s.fire (/root/.vscode-server/bin/b1c0a14de1414fcdaa400695b4db1c0799bc3124/out/vs/workbench/api/node/extensionHostProcess.js:97:14453)
	at d.A (/root/.vscode-server/bin/b1c0a14de1414fcdaa400695b4db1c0799bc3124/out/vs/workbench/api/node/extensionHostProcess.js:97:17612)
	at i.value (/root/.vscode-server/bin/b1c0a14de1414fcdaa400695b4db1c0799bc3124/out/vs/workbench/api/node/extensionHostProcess.js:97:15970)
	at n.B (/root/.vscode-server/bin/b1c0a14de1414fcdaa400695b4db1c0799bc3124/out/vs/workbench/api/node/extensionHostProcess.js:83:737)
	at n.fire (/root/.vscode-server/bin/b1c0a14de1414fcdaa400695b4db1c0799bc3124/out/vs/workbench/api/node/extensionHostProcess.js:83:954)
	at m.acceptChunk (/root/.vscode-server/bin/b1c0a14de1414fcdaa400695b4db1c0799bc3124/out/vs/workbench/api/node/extensionHostProcess.js:97:12199)
	at i.value (/root/.vscode-server/bin/b1c0a14de1414fcdaa400695b4db1c0799bc3124/out/vs/workbench/api/node/extensionHostProcess.js:97:11469)
	at n.B (/root/.vscode-server/bin/b1c0a14de1414fcdaa400695b4db1c0799bc3124/out/vs/workbench/api/node/extensionHostProcess.js:83:737)
	at n.fire (/root/.vscode-server/bin/b1c0a14de1414fcdaa400695b4db1c0799bc3124/out/vs/workbench/api/node/extensionHostProcess.js:83:954)
	at s.z (/root/.vscode-server/bin/b1c0a14de1414fcdaa400695b4db1c0799bc3124/out/vs/workbench/api/node/extensionHostProcess.js:174:21458)
	at s.acceptFrame (/root/.vscode-server/bin/b1c0a14de1414fcdaa400695b4db1c0799bc3124/out/vs/workbench/api/node/extensionHostProcess.js:174:21264)
	at i.n (/root/.vscode-server/bin/b1c0a14de1414fcdaa400695b4db1c0799bc3124/out/vs/workbench/api/node/extensionHostProcess.js:174:19709)
	at /root/.vscode-server/bin/b1c0a14de1414fcdaa400695b4db1c0799bc3124/out/vs/workbench/api/node/extensionHostProcess.js:174:16636
	at Socket.v (/root/.vscode-server/bin/b1c0a14de1414fcdaa400695b4db1c0799bc3124/out/vs/workbench/api/node/extensionHostProcess.js:174:14266)
	at Socket.emit (node:events:519:28)
	at addChunk (node:internal/streams/readable:559:12)
	at readableAddChunkPushByteMode (node:internal/streams/readable:510:3)
	at Readable.push (node:internal/streams/readable:390:5)
	at TCP.onStreamRead (node:internal/stream_base_commons:191:23) setContext undefined
2024-08-03 14:03:43.296 [error] Canceled: Canceled
	at Object.u [as $5] (/root/.vscode-server/bin/b1c0a14de1414fcdaa400695b4db1c0799bc3124/out/vs/workbench/api/node/extensionHostProcess.js:10:1082)
	at /root/.vscode-server/bin/b1c0a14de1414fcdaa400695b4db1c0799bc3124/out/vs/workbench/api/node/extensionHostProcess.js:151:2406
	at Array.forEach (<anonymous>)
	at y.dispose (/root/.vscode-server/bin/b1c0a14de1414fcdaa400695b4db1c0799bc3124/out/vs/workbench/api/node/extensionHostProcess.js:151:2344)
	at m.terminate (/root/.vscode-server/bin/b1c0a14de1414fcdaa400695b4db1c0799bc3124/out/vs/workbench/api/node/extensionHostProcess.js:160:8163)
	at $.terminate (/root/.vscode-server/bin/b1c0a14de1414fcdaa400695b4db1c0799bc3124/out/vs/workbench/api/node/extensionHostProcess.js:164:1513)
	at o (/root/.vscode-server/bin/b1c0a14de1414fcdaa400695b4db1c0799bc3124/out/vs/workbench/api/node/extensionHostProcess.js:177:10633)
	at i.value (/root/.vscode-server/bin/b1c0a14de1414fcdaa400695b4db1c0799bc3124/out/vs/workbench/api/node/extensionHostProcess.js:177:8601)
	at n.B (/root/.vscode-server/bin/b1c0a14de1414fcdaa400695b4db1c0799bc3124/out/vs/workbench/api/node/extensionHostProcess.js:83:737)
	at n.fire (/root/.vscode-server/bin/b1c0a14de1414fcdaa400695b4db1c0799bc3124/out/vs/workbench/api/node/extensionHostProcess.js:83:954)
	at s.fire (/root/.vscode-server/bin/b1c0a14de1414fcdaa400695b4db1c0799bc3124/out/vs/workbench/api/node/extensionHostProcess.js:97:14453)
	at d.A (/root/.vscode-server/bin/b1c0a14de1414fcdaa400695b4db1c0799bc3124/out/vs/workbench/api/node/extensionHostProcess.js:97:17612)
	at i.value (/root/.vscode-server/bin/b1c0a14de1414fcdaa400695b4db1c0799bc3124/out/vs/workbench/api/node/extensionHostProcess.js:97:15970)
	at n.B (/root/.vscode-server/bin/b1c0a14de1414fcdaa400695b4db1c0799bc3124/out/vs/workbench/api/node/extensionHostProcess.js:83:737)
	at n.fire (/root/.vscode-server/bin/b1c0a14de1414fcdaa400695b4db1c0799bc3124/out/vs/workbench/api/node/extensionHostProcess.js:83:954)
	at m.acceptChunk (/root/.vscode-server/bin/b1c0a14de1414fcdaa400695b4db1c0799bc3124/out/vs/workbench/api/node/extensionHostProcess.js:97:12199)
	at i.value (/root/.vscode-server/bin/b1c0a14de1414fcdaa400695b4db1c0799bc3124/out/vs/workbench/api/node/extensionHostProcess.js:97:11469)
	at n.B (/root/.vscode-server/bin/b1c0a14de1414fcdaa400695b4db1c0799bc3124/out/vs/workbench/api/node/extensionHostProcess.js:83:737)
	at n.fire (/root/.vscode-server/bin/b1c0a14de1414fcdaa400695b4db1c0799bc3124/out/vs/workbench/api/node/extensionHostProcess.js:83:954)
	at s.z (/root/.vscode-server/bin/b1c0a14de1414fcdaa400695b4db1c0799bc3124/out/vs/workbench/api/node/extensionHostProcess.js:174:21458)
	at s.acceptFrame (/root/.vscode-server/bin/b1c0a14de1414fcdaa400695b4db1c0799bc3124/out/vs/workbench/api/node/extensionHostProcess.js:174:21264)
	at i.n (/root/.vscode-server/bin/b1c0a14de1414fcdaa400695b4db1c0799bc3124/out/vs/workbench/api/node/extensionHostProcess.js:174:19709)
	at /root/.vscode-server/bin/b1c0a14de1414fcdaa400695b4db1c0799bc3124/out/vs/workbench/api/node/extensionHostProcess.js:174:16636
	at Socket.v (/root/.vscode-server/bin/b1c0a14de1414fcdaa400695b4db1c0799bc3124/out/vs/workbench/api/node/extensionHostProcess.js:174:14266)
	at Socket.emit (node:events:519:28)
	at addChunk (node:internal/streams/readable:559:12)
	at readableAddChunkPushByteMode (node:internal/streams/readable:510:3)
	at Readable.push (node:internal/streams/readable:390:5)
	at TCP.onStreamRead (node:internal/stream_base_commons:191:23) setContext undefined
2024-08-03 14:03:43.297 [error] Canceled: Canceled
	at Object.u [as $5] (/root/.vscode-server/bin/b1c0a14de1414fcdaa400695b4db1c0799bc3124/out/vs/workbench/api/node/extensionHostProcess.js:10:1082)
	at /root/.vscode-server/bin/b1c0a14de1414fcdaa400695b4db1c0799bc3124/out/vs/workbench/api/node/extensionHostProcess.js:151:2406
	at Array.forEach (<anonymous>)
	at y.dispose (/root/.vscode-server/bin/b1c0a14de1414fcdaa400695b4db1c0799bc3124/out/vs/workbench/api/node/extensionHostProcess.js:151:2344)
	at m.terminate (/root/.vscode-server/bin/b1c0a14de1414fcdaa400695b4db1c0799bc3124/out/vs/workbench/api/node/extensionHostProcess.js:160:8163)
	at $.terminate (/root/.vscode-server/bin/b1c0a14de1414fcdaa400695b4db1c0799bc3124/out/vs/workbench/api/node/extensionHostProcess.js:164:1513)
	at o (/root/.vscode-server/bin/b1c0a14de1414fcdaa400695b4db1c0799bc3124/out/vs/workbench/api/node/extensionHostProcess.js:177:10633)
	at i.value (/root/.vscode-server/bin/b1c0a14de1414fcdaa400695b4db1c0799bc3124/out/vs/workbench/api/node/extensionHostProcess.js:177:8601)
	at n.B (/root/.vscode-server/bin/b1c0a14de1414fcdaa400695b4db1c0799bc3124/out/vs/workbench/api/node/extensionHostProcess.js:83:737)
	at n.fire (/root/.vscode-server/bin/b1c0a14de1414fcdaa400695b4db1c0799bc3124/out/vs/workbench/api/node/extensionHostProcess.js:83:954)
	at s.fire (/root/.vscode-server/bin/b1c0a14de1414fcdaa400695b4db1c0799bc3124/out/vs/workbench/api/node/extensionHostProcess.js:97:14453)
	at d.A (/root/.vscode-server/bin/b1c0a14de1414fcdaa400695b4db1c0799bc3124/out/vs/workbench/api/node/extensionHostProcess.js:97:17612)
	at i.value (/root/.vscode-server/bin/b1c0a14de1414fcdaa400695b4db1c0799bc3124/out/vs/workbench/api/node/extensionHostProcess.js:97:15970)
	at n.B (/root/.vscode-server/bin/b1c0a14de1414fcdaa400695b4db1c0799bc3124/out/vs/workbench/api/node/extensionHostProcess.js:83:737)
	at n.fire (/root/.vscode-server/bin/b1c0a14de1414fcdaa400695b4db1c0799bc3124/out/vs/workbench/api/node/extensionHostProcess.js:83:954)
	at m.acceptChunk (/root/.vscode-server/bin/b1c0a14de1414fcdaa400695b4db1c0799bc3124/out/vs/workbench/api/node/extensionHostProcess.js:97:12199)
	at i.value (/root/.vscode-server/bin/b1c0a14de1414fcdaa400695b4db1c0799bc3124/out/vs/workbench/api/node/extensionHostProcess.js:97:11469)
	at n.B (/root/.vscode-server/bin/b1c0a14de1414fcdaa400695b4db1c0799bc3124/out/vs/workbench/api/node/extensionHostProcess.js:83:737)
	at n.fire (/root/.vscode-server/bin/b1c0a14de1414fcdaa400695b4db1c0799bc3124/out/vs/workbench/api/node/extensionHostProcess.js:83:954)
	at s.z (/root/.vscode-server/bin/b1c0a14de1414fcdaa400695b4db1c0799bc3124/out/vs/workbench/api/node/extensionHostProcess.js:174:21458)
	at s.acceptFrame (/root/.vscode-server/bin/b1c0a14de1414fcdaa400695b4db1c0799bc3124/out/vs/workbench/api/node/extensionHostProcess.js:174:21264)
	at i.n (/root/.vscode-server/bin/b1c0a14de1414fcdaa400695b4db1c0799bc3124/out/vs/workbench/api/node/extensionHostProcess.js:174:19709)
	at /root/.vscode-server/bin/b1c0a14de1414fcdaa400695b4db1c0799bc3124/out/vs/workbench/api/node/extensionHostProcess.js:174:16636
	at Socket.v (/root/.vscode-server/bin/b1c0a14de1414fcdaa400695b4db1c0799bc3124/out/vs/workbench/api/node/extensionHostProcess.js:174:14266)
	at Socket.emit (node:events:519:28)
	at addChunk (node:internal/streams/readable:559:12)
	at readableAddChunkPushByteMode (node:internal/streams/readable:510:3)
	at Readable.push (node:internal/streams/readable:390:5)
	at TCP.onStreamRead (node:internal/stream_base_commons:191:23) setContext undefined
2024-08-03 14:03:43.297 [error] Canceled: Canceled
	at Object.u [as $5] (/root/.vscode-server/bin/b1c0a14de1414fcdaa400695b4db1c0799bc3124/out/vs/workbench/api/node/extensionHostProcess.js:10:1082)
	at /root/.vscode-server/bin/b1c0a14de1414fcdaa400695b4db1c0799bc3124/out/vs/workbench/api/node/extensionHostProcess.js:151:2406
	at Array.forEach (<anonymous>)
	at y.dispose (/root/.vscode-server/bin/b1c0a14de1414fcdaa400695b4db1c0799bc3124/out/vs/workbench/api/node/extensionHostProcess.js:151:2344)
	at m.terminate (/root/.vscode-server/bin/b1c0a14de1414fcdaa400695b4db1c0799bc3124/out/vs/workbench/api/node/extensionHostProcess.js:160:8163)
	at $.terminate (/root/.vscode-server/bin/b1c0a14de1414fcdaa400695b4db1c0799bc3124/out/vs/workbench/api/node/extensionHostProcess.js:164:1513)
	at o (/root/.vscode-server/bin/b1c0a14de1414fcdaa400695b4db1c0799bc3124/out/vs/workbench/api/node/extensionHostProcess.js:177:10633)
	at i.value (/root/.vscode-server/bin/b1c0a14de1414fcdaa400695b4db1c0799bc3124/out/vs/workbench/api/node/extensionHostProcess.js:177:8601)
	at n.B (/root/.vscode-server/bin/b1c0a14de1414fcdaa400695b4db1c0799bc3124/out/vs/workbench/api/node/extensionHostProcess.js:83:737)
	at n.fire (/root/.vscode-server/bin/b1c0a14de1414fcdaa400695b4db1c0799bc3124/out/vs/workbench/api/node/extensionHostProcess.js:83:954)
	at s.fire (/root/.vscode-server/bin/b1c0a14de1414fcdaa400695b4db1c0799bc3124/out/vs/workbench/api/node/extensionHostProcess.js:97:14453)
	at d.A (/root/.vscode-server/bin/b1c0a14de1414fcdaa400695b4db1c0799bc3124/out/vs/workbench/api/node/extensionHostProcess.js:97:17612)
	at i.value (/root/.vscode-server/bin/b1c0a14de1414fcdaa400695b4db1c0799bc3124/out/vs/workbench/api/node/extensionHostProcess.js:97:15970)
	at n.B (/root/.vscode-server/bin/b1c0a14de1414fcdaa400695b4db1c0799bc3124/out/vs/workbench/api/node/extensionHostProcess.js:83:737)
	at n.fire (/root/.vscode-server/bin/b1c0a14de1414fcdaa400695b4db1c0799bc3124/out/vs/workbench/api/node/extensionHostProcess.js:83:954)
	at m.acceptChunk (/root/.vscode-server/bin/b1c0a14de1414fcdaa400695b4db1c0799bc3124/out/vs/workbench/api/node/extensionHostProcess.js:97:12199)
	at i.value (/root/.vscode-server/bin/b1c0a14de1414fcdaa400695b4db1c0799bc3124/out/vs/workbench/api/node/extensionHostProcess.js:97:11469)
	at n.B (/root/.vscode-server/bin/b1c0a14de1414fcdaa400695b4db1c0799bc3124/out/vs/workbench/api/node/extensionHostProcess.js:83:737)
	at n.fire (/root/.vscode-server/bin/b1c0a14de1414fcdaa400695b4db1c0799bc3124/out/vs/workbench/api/node/extensionHostProcess.js:83:954)
	at s.z (/root/.vscode-server/bin/b1c0a14de1414fcdaa400695b4db1c0799bc3124/out/vs/workbench/api/node/extensionHostProcess.js:174:21458)
	at s.acceptFrame (/root/.vscode-server/bin/b1c0a14de1414fcdaa400695b4db1c0799bc3124/out/vs/workbench/api/node/extensionHostProcess.js:174:21264)
	at i.n (/root/.vscode-server/bin/b1c0a14de1414fcdaa400695b4db1c0799bc3124/out/vs/workbench/api/node/extensionHostProcess.js:174:19709)
	at /root/.vscode-server/bin/b1c0a14de1414fcdaa400695b4db1c0799bc3124/out/vs/workbench/api/node/extensionHostProcess.js:174:16636
	at Socket.v (/root/.vscode-server/bin/b1c0a14de1414fcdaa400695b4db1c0799bc3124/out/vs/workbench/api/node/extensionHostProcess.js:174:14266)
	at Socket.emit (node:events:519:28)
	at addChunk (node:internal/streams/readable:559:12)
	at readableAddChunkPushByteMode (node:internal/streams/readable:510:3)
	at Readable.push (node:internal/streams/readable:390:5)
	at TCP.onStreamRead (node:internal/stream_base_commons:191:23) setContext undefined
2024-08-03 14:03:43.297 [error] Canceled: Canceled
	at Object.u [as $5] (/root/.vscode-server/bin/b1c0a14de1414fcdaa400695b4db1c0799bc3124/out/vs/workbench/api/node/extensionHostProcess.js:10:1082)
	at /root/.vscode-server/bin/b1c0a14de1414fcdaa400695b4db1c0799bc3124/out/vs/workbench/api/node/extensionHostProcess.js:151:2406
	at Array.forEach (<anonymous>)
	at y.dispose (/root/.vscode-server/bin/b1c0a14de1414fcdaa400695b4db1c0799bc3124/out/vs/workbench/api/node/extensionHostProcess.js:151:2344)
	at m.terminate (/root/.vscode-server/bin/b1c0a14de1414fcdaa400695b4db1c0799bc3124/out/vs/workbench/api/node/extensionHostProcess.js:160:8163)
	at $.terminate (/root/.vscode-server/bin/b1c0a14de1414fcdaa400695b4db1c0799bc3124/out/vs/workbench/api/node/extensionHostProcess.js:164:1513)
	at o (/root/.vscode-server/bin/b1c0a14de1414fcdaa400695b4db1c0799bc3124/out/vs/workbench/api/node/extensionHostProcess.js:177:10633)
	at i.value (/root/.vscode-server/bin/b1c0a14de1414fcdaa400695b4db1c0799bc3124/out/vs/workbench/api/node/extensionHostProcess.js:177:8601)
	at n.B (/root/.vscode-server/bin/b1c0a14de1414fcdaa400695b4db1c0799bc3124/out/vs/workbench/api/node/extensionHostProcess.js:83:737)
	at n.fire (/root/.vscode-server/bin/b1c0a14de1414fcdaa400695b4db1c0799bc3124/out/vs/workbench/api/node/extensionHostProcess.js:83:954)
	at s.fire (/root/.vscode-server/bin/b1c0a14de1414fcdaa400695b4db1c0799bc3124/out/vs/workbench/api/node/extensionHostProcess.js:97:14453)
	at d.A (/root/.vscode-server/bin/b1c0a14de1414fcdaa400695b4db1c0799bc3124/out/vs/workbench/api/node/extensionHostProcess.js:97:17612)
	at i.value (/root/.vscode-server/bin/b1c0a14de1414fcdaa400695b4db1c0799bc3124/out/vs/workbench/api/node/extensionHostProcess.js:97:15970)
	at n.B (/root/.vscode-server/bin/b1c0a14de1414fcdaa400695b4db1c0799bc3124/out/vs/workbench/api/node/extensionHostProcess.js:83:737)
	at n.fire (/root/.vscode-server/bin/b1c0a14de1414fcdaa400695b4db1c0799bc3124/out/vs/workbench/api/node/extensionHostProcess.js:83:954)
	at m.acceptChunk (/root/.vscode-server/bin/b1c0a14de1414fcdaa400695b4db1c0799bc3124/out/vs/workbench/api/node/extensionHostProcess.js:97:12199)
	at i.value (/root/.vscode-server/bin/b1c0a14de1414fcdaa400695b4db1c0799bc3124/out/vs/workbench/api/node/extensionHostProcess.js:97:11469)
	at n.B (/root/.vscode-server/bin/b1c0a14de1414fcdaa400695b4db1c0799bc3124/out/vs/workbench/api/node/extensionHostProcess.js:83:737)
	at n.fire (/root/.vscode-server/bin/b1c0a14de1414fcdaa400695b4db1c0799bc3124/out/vs/workbench/api/node/extensionHostProcess.js:83:954)
	at s.z (/root/.vscode-server/bin/b1c0a14de1414fcdaa400695b4db1c0799bc3124/out/vs/workbench/api/node/extensionHostProcess.js:174:21458)
	at s.acceptFrame (/root/.vscode-server/bin/b1c0a14de1414fcdaa400695b4db1c0799bc3124/out/vs/workbench/api/node/extensionHostProcess.js:174:21264)
	at i.n (/root/.vscode-server/bin/b1c0a14de1414fcdaa400695b4db1c0799bc3124/out/vs/workbench/api/node/extensionHostProcess.js:174:19709)
	at /root/.vscode-server/bin/b1c0a14de1414fcdaa400695b4db1c0799bc3124/out/vs/workbench/api/node/extensionHostProcess.js:174:16636
	at Socket.v (/root/.vscode-server/bin/b1c0a14de1414fcdaa400695b4db1c0799bc3124/out/vs/workbench/api/node/extensionHostProcess.js:174:14266)
	at Socket.emit (node:events:519:28)
	at addChunk (node:internal/streams/readable:559:12)
	at readableAddChunkPushByteMode (node:internal/streams/readable:510:3)
	at Readable.push (node:internal/streams/readable:390:5)
	at TCP.onStreamRead (node:internal/stream_base_commons:191:23) setContext undefined
2024-08-03 14:03:43.297 [error] Canceled: Canceled
	at Object.u [as $5] (/root/.vscode-server/bin/b1c0a14de1414fcdaa400695b4db1c0799bc3124/out/vs/workbench/api/node/extensionHostProcess.js:10:1082)
	at /root/.vscode-server/bin/b1c0a14de1414fcdaa400695b4db1c0799bc3124/out/vs/workbench/api/node/extensionHostProcess.js:151:2406
	at Array.forEach (<anonymous>)
	at y.dispose (/root/.vscode-server/bin/b1c0a14de1414fcdaa400695b4db1c0799bc3124/out/vs/workbench/api/node/extensionHostProcess.js:151:2344)
	at m.terminate (/root/.vscode-server/bin/b1c0a14de1414fcdaa400695b4db1c0799bc3124/out/vs/workbench/api/node/extensionHostProcess.js:160:8163)
	at $.terminate (/root/.vscode-server/bin/b1c0a14de1414fcdaa400695b4db1c0799bc3124/out/vs/workbench/api/node/extensionHostProcess.js:164:1513)
	at o (/root/.vscode-server/bin/b1c0a14de1414fcdaa400695b4db1c0799bc3124/out/vs/workbench/api/node/extensionHostProcess.js:177:10633)
	at i.value (/root/.vscode-server/bin/b1c0a14de1414fcdaa400695b4db1c0799bc3124/out/vs/workbench/api/node/extensionHostProcess.js:177:8601)
	at n.B (/root/.vscode-server/bin/b1c0a14de1414fcdaa400695b4db1c0799bc3124/out/vs/workbench/api/node/extensionHostProcess.js:83:737)
	at n.fire (/root/.vscode-server/bin/b1c0a14de1414fcdaa400695b4db1c0799bc3124/out/vs/workbench/api/node/extensionHostProcess.js:83:954)
	at s.fire (/root/.vscode-server/bin/b1c0a14de1414fcdaa400695b4db1c0799bc3124/out/vs/workbench/api/node/extensionHostProcess.js:97:14453)
	at d.A (/root/.vscode-server/bin/b1c0a14de1414fcdaa400695b4db1c0799bc3124/out/vs/workbench/api/node/extensionHostProcess.js:97:17612)
	at i.value (/root/.vscode-server/bin/b1c0a14de1414fcdaa400695b4db1c0799bc3124/out/vs/workbench/api/node/extensionHostProcess.js:97:15970)
	at n.B (/root/.vscode-server/bin/b1c0a14de1414fcdaa400695b4db1c0799bc3124/out/vs/workbench/api/node/extensionHostProcess.js:83:737)
	at n.fire (/root/.vscode-server/bin/b1c0a14de1414fcdaa400695b4db1c0799bc3124/out/vs/workbench/api/node/extensionHostProcess.js:83:954)
	at m.acceptChunk (/root/.vscode-server/bin/b1c0a14de1414fcdaa400695b4db1c0799bc3124/out/vs/workbench/api/node/extensionHostProcess.js:97:12199)
	at i.value (/root/.vscode-server/bin/b1c0a14de1414fcdaa400695b4db1c0799bc3124/out/vs/workbench/api/node/extensionHostProcess.js:97:11469)
	at n.B (/root/.vscode-server/bin/b1c0a14de1414fcdaa400695b4db1c0799bc3124/out/vs/workbench/api/node/extensionHostProcess.js:83:737)
	at n.fire (/root/.vscode-server/bin/b1c0a14de1414fcdaa400695b4db1c0799bc3124/out/vs/workbench/api/node/extensionHostProcess.js:83:954)
	at s.z (/root/.vscode-server/bin/b1c0a14de1414fcdaa400695b4db1c0799bc3124/out/vs/workbench/api/node/extensionHostProcess.js:174:21458)
	at s.acceptFrame (/root/.vscode-server/bin/b1c0a14de1414fcdaa400695b4db1c0799bc3124/out/vs/workbench/api/node/extensionHostProcess.js:174:21264)
	at i.n (/root/.vscode-server/bin/b1c0a14de1414fcdaa400695b4db1c0799bc3124/out/vs/workbench/api/node/extensionHostProcess.js:174:19709)
	at /root/.vscode-server/bin/b1c0a14de1414fcdaa400695b4db1c0799bc3124/out/vs/workbench/api/node/extensionHostProcess.js:174:16636
	at Socket.v (/root/.vscode-server/bin/b1c0a14de1414fcdaa400695b4db1c0799bc3124/out/vs/workbench/api/node/extensionHostProcess.js:174:14266)
	at Socket.emit (node:events:519:28)
	at addChunk (node:internal/streams/readable:559:12)
	at readableAddChunkPushByteMode (node:internal/streams/readable:510:3)
	at Readable.push (node:internal/streams/readable:390:5)
	at TCP.onStreamRead (node:internal/stream_base_commons:191:23) setContext undefined
2024-08-03 14:03:43.298 [error] Canceled: Canceled
	at Object.u [as $5] (/root/.vscode-server/bin/b1c0a14de1414fcdaa400695b4db1c0799bc3124/out/vs/workbench/api/node/extensionHostProcess.js:10:1082)
	at /root/.vscode-server/bin/b1c0a14de1414fcdaa400695b4db1c0799bc3124/out/vs/workbench/api/node/extensionHostProcess.js:151:2406
	at Array.forEach (<anonymous>)
	at y.dispose (/root/.vscode-server/bin/b1c0a14de1414fcdaa400695b4db1c0799bc3124/out/vs/workbench/api/node/extensionHostProcess.js:151:2344)
	at m.terminate (/root/.vscode-server/bin/b1c0a14de1414fcdaa400695b4db1c0799bc3124/out/vs/workbench/api/node/extensionHostProcess.js:160:8163)
	at $.terminate (/root/.vscode-server/bin/b1c0a14de1414fcdaa400695b4db1c0799bc3124/out/vs/workbench/api/node/extensionHostProcess.js:164:1513)
	at o (/root/.vscode-server/bin/b1c0a14de1414fcdaa400695b4db1c0799bc3124/out/vs/workbench/api/node/extensionHostProcess.js:177:10633)
	at i.value (/root/.vscode-server/bin/b1c0a14de1414fcdaa400695b4db1c0799bc3124/out/vs/workbench/api/node/extensionHostProcess.js:177:8601)
	at n.B (/root/.vscode-server/bin/b1c0a14de1414fcdaa400695b4db1c0799bc3124/out/vs/workbench/api/node/extensionHostProcess.js:83:737)
	at n.fire (/root/.vscode-server/bin/b1c0a14de1414fcdaa400695b4db1c0799bc3124/out/vs/workbench/api/node/extensionHostProcess.js:83:954)
	at s.fire (/root/.vscode-server/bin/b1c0a14de1414fcdaa400695b4db1c0799bc3124/out/vs/workbench/api/node/extensionHostProcess.js:97:14453)
	at d.A (/root/.vscode-server/bin/b1c0a14de1414fcdaa400695b4db1c0799bc3124/out/vs/workbench/api/node/extensionHostProcess.js:97:17612)
	at i.value (/root/.vscode-server/bin/b1c0a14de1414fcdaa400695b4db1c0799bc3124/out/vs/workbench/api/node/extensionHostProcess.js:97:15970)
	at n.B (/root/.vscode-server/bin/b1c0a14de1414fcdaa400695b4db1c0799bc3124/out/vs/workbench/api/node/extensionHostProcess.js:83:737)
	at n.fire (/root/.vscode-server/bin/b1c0a14de1414fcdaa400695b4db1c0799bc3124/out/vs/workbench/api/node/extensionHostProcess.js:83:954)
	at m.acceptChunk (/root/.vscode-server/bin/b1c0a14de1414fcdaa400695b4db1c0799bc3124/out/vs/workbench/api/node/extensionHostProcess.js:97:12199)
	at i.value (/root/.vscode-server/bin/b1c0a14de1414fcdaa400695b4db1c0799bc3124/out/vs/workbench/api/node/extensionHostProcess.js:97:11469)
	at n.B (/root/.vscode-server/bin/b1c0a14de1414fcdaa400695b4db1c0799bc3124/out/vs/workbench/api/node/extensionHostProcess.js:83:737)
	at n.fire (/root/.vscode-server/bin/b1c0a14de1414fcdaa400695b4db1c0799bc3124/out/vs/workbench/api/node/extensionHostProcess.js:83:954)
	at s.z (/root/.vscode-server/bin/b1c0a14de1414fcdaa400695b4db1c0799bc3124/out/vs/workbench/api/node/extensionHostProcess.js:174:21458)
	at s.acceptFrame (/root/.vscode-server/bin/b1c0a14de1414fcdaa400695b4db1c0799bc3124/out/vs/workbench/api/node/extensionHostProcess.js:174:21264)
	at i.n (/root/.vscode-server/bin/b1c0a14de1414fcdaa400695b4db1c0799bc3124/out/vs/workbench/api/node/extensionHostProcess.js:174:19709)
	at /root/.vscode-server/bin/b1c0a14de1414fcdaa400695b4db1c0799bc3124/out/vs/workbench/api/node/extensionHostProcess.js:174:16636
	at Socket.v (/root/.vscode-server/bin/b1c0a14de1414fcdaa400695b4db1c0799bc3124/out/vs/workbench/api/node/extensionHostProcess.js:174:14266)
	at Socket.emit (node:events:519:28)
	at addChunk (node:internal/streams/readable:559:12)
	at readableAddChunkPushByteMode (node:internal/streams/readable:510:3)
	at Readable.push (node:internal/streams/readable:390:5)
	at TCP.onStreamRead (node:internal/stream_base_commons:191:23) setContext undefined
2024-08-03 14:03:43.298 [error] Canceled: Canceled
	at Object.u [as $5] (/root/.vscode-server/bin/b1c0a14de1414fcdaa400695b4db1c0799bc3124/out/vs/workbench/api/node/extensionHostProcess.js:10:1082)
	at /root/.vscode-server/bin/b1c0a14de1414fcdaa400695b4db1c0799bc3124/out/vs/workbench/api/node/extensionHostProcess.js:151:2406
	at Array.forEach (<anonymous>)
	at y.dispose (/root/.vscode-server/bin/b1c0a14de1414fcdaa400695b4db1c0799bc3124/out/vs/workbench/api/node/extensionHostProcess.js:151:2344)
	at m.terminate (/root/.vscode-server/bin/b1c0a14de1414fcdaa400695b4db1c0799bc3124/out/vs/workbench/api/node/extensionHostProcess.js:160:8163)
	at $.terminate (/root/.vscode-server/bin/b1c0a14de1414fcdaa400695b4db1c0799bc3124/out/vs/workbench/api/node/extensionHostProcess.js:164:1513)
	at o (/root/.vscode-server/bin/b1c0a14de1414fcdaa400695b4db1c0799bc3124/out/vs/workbench/api/node/extensionHostProcess.js:177:10633)
	at i.value (/root/.vscode-server/bin/b1c0a14de1414fcdaa400695b4db1c0799bc3124/out/vs/workbench/api/node/extensionHostProcess.js:177:8601)
	at n.B (/root/.vscode-server/bin/b1c0a14de1414fcdaa400695b4db1c0799bc3124/out/vs/workbench/api/node/extensionHostProcess.js:83:737)
	at n.fire (/root/.vscode-server/bin/b1c0a14de1414fcdaa400695b4db1c0799bc3124/out/vs/workbench/api/node/extensionHostProcess.js:83:954)
	at s.fire (/root/.vscode-server/bin/b1c0a14de1414fcdaa400695b4db1c0799bc3124/out/vs/workbench/api/node/extensionHostProcess.js:97:14453)
	at d.A (/root/.vscode-server/bin/b1c0a14de1414fcdaa400695b4db1c0799bc3124/out/vs/workbench/api/node/extensionHostProcess.js:97:17612)
	at i.value (/root/.vscode-server/bin/b1c0a14de1414fcdaa400695b4db1c0799bc3124/out/vs/workbench/api/node/extensionHostProcess.js:97:15970)
	at n.B (/root/.vscode-server/bin/b1c0a14de1414fcdaa400695b4db1c0799bc3124/out/vs/workbench/api/node/extensionHostProcess.js:83:737)
	at n.fire (/root/.vscode-server/bin/b1c0a14de1414fcdaa400695b4db1c0799bc3124/out/vs/workbench/api/node/extensionHostProcess.js:83:954)
	at m.acceptChunk (/root/.vscode-server/bin/b1c0a14de1414fcdaa400695b4db1c0799bc3124/out/vs/workbench/api/node/extensionHostProcess.js:97:12199)
	at i.value (/root/.vscode-server/bin/b1c0a14de1414fcdaa400695b4db1c0799bc3124/out/vs/workbench/api/node/extensionHostProcess.js:97:11469)
	at n.B (/root/.vscode-server/bin/b1c0a14de1414fcdaa400695b4db1c0799bc3124/out/vs/workbench/api/node/extensionHostProcess.js:83:737)
	at n.fire (/root/.vscode-server/bin/b1c0a14de1414fcdaa400695b4db1c0799bc3124/out/vs/workbench/api/node/extensionHostProcess.js:83:954)
	at s.z (/root/.vscode-server/bin/b1c0a14de1414fcdaa400695b4db1c0799bc3124/out/vs/workbench/api/node/extensionHostProcess.js:174:21458)
	at s.acceptFrame (/root/.vscode-server/bin/b1c0a14de1414fcdaa400695b4db1c0799bc3124/out/vs/workbench/api/node/extensionHostProcess.js:174:21264)
	at i.n (/root/.vscode-server/bin/b1c0a14de1414fcdaa400695b4db1c0799bc3124/out/vs/workbench/api/node/extensionHostProcess.js:174:19709)
	at /root/.vscode-server/bin/b1c0a14de1414fcdaa400695b4db1c0799bc3124/out/vs/workbench/api/node/extensionHostProcess.js:174:16636
	at Socket.v (/root/.vscode-server/bin/b1c0a14de1414fcdaa400695b4db1c0799bc3124/out/vs/workbench/api/node/extensionHostProcess.js:174:14266)
	at Socket.emit (node:events:519:28)
	at addChunk (node:internal/streams/readable:559:12)
	at readableAddChunkPushByteMode (node:internal/streams/readable:510:3)
	at Readable.push (node:internal/streams/readable:390:5)
	at TCP.onStreamRead (node:internal/stream_base_commons:191:23) setContext undefined
2024-08-03 14:03:43.298 [error] Canceled: Canceled
	at Object.u [as $5] (/root/.vscode-server/bin/b1c0a14de1414fcdaa400695b4db1c0799bc3124/out/vs/workbench/api/node/extensionHostProcess.js:10:1082)
	at /root/.vscode-server/bin/b1c0a14de1414fcdaa400695b4db1c0799bc3124/out/vs/workbench/api/node/extensionHostProcess.js:151:2406
	at Array.forEach (<anonymous>)
	at y.dispose (/root/.vscode-server/bin/b1c0a14de1414fcdaa400695b4db1c0799bc3124/out/vs/workbench/api/node/extensionHostProcess.js:151:2344)
	at m.terminate (/root/.vscode-server/bin/b1c0a14de1414fcdaa400695b4db1c0799bc3124/out/vs/workbench/api/node/extensionHostProcess.js:160:8163)
	at $.terminate (/root/.vscode-server/bin/b1c0a14de1414fcdaa400695b4db1c0799bc3124/out/vs/workbench/api/node/extensionHostProcess.js:164:1513)
	at o (/root/.vscode-server/bin/b1c0a14de1414fcdaa400695b4db1c0799bc3124/out/vs/workbench/api/node/extensionHostProcess.js:177:10633)
	at i.value (/root/.vscode-server/bin/b1c0a14de1414fcdaa400695b4db1c0799bc3124/out/vs/workbench/api/node/extensionHostProcess.js:177:8601)
	at n.B (/root/.vscode-server/bin/b1c0a14de1414fcdaa400695b4db1c0799bc3124/out/vs/workbench/api/node/extensionHostProcess.js:83:737)
	at n.fire (/root/.vscode-server/bin/b1c0a14de1414fcdaa400695b4db1c0799bc3124/out/vs/workbench/api/node/extensionHostProcess.js:83:954)
	at s.fire (/root/.vscode-server/bin/b1c0a14de1414fcdaa400695b4db1c0799bc3124/out/vs/workbench/api/node/extensionHostProcess.js:97:14453)
	at d.A (/root/.vscode-server/bin/b1c0a14de1414fcdaa400695b4db1c0799bc3124/out/vs/workbench/api/node/extensionHostProcess.js:97:17612)
	at i.value (/root/.vscode-server/bin/b1c0a14de1414fcdaa400695b4db1c0799bc3124/out/vs/workbench/api/node/extensionHostProcess.js:97:15970)
	at n.B (/root/.vscode-server/bin/b1c0a14de1414fcdaa400695b4db1c0799bc3124/out/vs/workbench/api/node/extensionHostProcess.js:83:737)
	at n.fire (/root/.vscode-server/bin/b1c0a14de1414fcdaa400695b4db1c0799bc3124/out/vs/workbench/api/node/extensionHostProcess.js:83:954)
	at m.acceptChunk (/root/.vscode-server/bin/b1c0a14de1414fcdaa400695b4db1c0799bc3124/out/vs/workbench/api/node/extensionHostProcess.js:97:12199)
	at i.value (/root/.vscode-server/bin/b1c0a14de1414fcdaa400695b4db1c0799bc3124/out/vs/workbench/api/node/extensionHostProcess.js:97:11469)
	at n.B (/root/.vscode-server/bin/b1c0a14de1414fcdaa400695b4db1c0799bc3124/out/vs/workbench/api/node/extensionHostProcess.js:83:737)
	at n.fire (/root/.vscode-server/bin/b1c0a14de1414fcdaa400695b4db1c0799bc3124/out/vs/workbench/api/node/extensionHostProcess.js:83:954)
	at s.z (/root/.vscode-server/bin/b1c0a14de1414fcdaa400695b4db1c0799bc3124/out/vs/workbench/api/node/extensionHostProcess.js:174:21458)
	at s.acceptFrame (/root/.vscode-server/bin/b1c0a14de1414fcdaa400695b4db1c0799bc3124/out/vs/workbench/api/node/extensionHostProcess.js:174:21264)
	at i.n (/root/.vscode-server/bin/b1c0a14de1414fcdaa400695b4db1c0799bc3124/out/vs/workbench/api/node/extensionHostProcess.js:174:19709)
	at /root/.vscode-server/bin/b1c0a14de1414fcdaa400695b4db1c0799bc3124/out/vs/workbench/api/node/extensionHostProcess.js:174:16636
	at Socket.v (/root/.vscode-server/bin/b1c0a14de1414fcdaa400695b4db1c0799bc3124/out/vs/workbench/api/node/extensionHostProcess.js:174:14266)
	at Socket.emit (node:events:519:28)
	at addChunk (node:internal/streams/readable:559:12)
	at readableAddChunkPushByteMode (node:internal/streams/readable:510:3)
	at Readable.push (node:internal/streams/readable:390:5)
	at TCP.onStreamRead (node:internal/stream_base_commons:191:23) setContext undefined
2024-08-03 14:03:43.306 [info] Extension host with pid 7717 exiting with code 0
