2024-12-28 16:07:18.615 [info] Extension host with pid 74514 started
2024-12-28 16:07:18.630 [info] Lock '/root/.vscode-server/data/User/workspaceStorage/7357c8406dd7ab776bfe1fd154ad47e5/vscode.lock': Lock acquired.
2024-12-28 16:07:19.008 [info] ExtensionService#_doActivateExtension vscode.emmet, startup: false, activationEvent: 'onLanguage'
2024-12-28 16:07:19.126 [info] ExtensionService#_doActivateExtension vscode.git-base, startup: true, activationEvent: '*', root cause: vscode.git
2024-12-28 16:07:19.172 [info] ExtensionService#_doActivateExtension vscode.git, startup: true, activationEvent: '*'
2024-12-28 16:07:19.172 [info] ExtensionService#_doActivateExtension vscode.github, startup: true, activationEvent: '*'
2024-12-28 16:07:19.628 [info] Eager extensions activated
2024-12-28 16:07:19.629 [info] ExtensionService#_doActivateExtension vscode.debug-auto-launch, startup: false, activationEvent: 'onStartupFinished'
2024-12-28 16:07:19.630 [info] ExtensionService#_doActivateExtension vscode.merge-conflict, startup: false, activationEvent: 'onStartupFinished'
2024-12-28 16:07:19.630 [info] ExtensionService#_doActivateExtension ms-vscode.sublime-keybindings, startup: false, activationEvent: 'onStartupFinished'
2024-12-28 16:07:20.262 [warning] [Decorations] CAPPING events from decorations provider vscode.git 1343
2024-12-28 16:07:20.975 [warning] [Decorations] CAPPING events from decorations provider vscode.git 1343
2024-12-28 16:07:49.467 [info] Extension host terminating: received terminate message from renderer
2024-12-28 16:07:49.468 [info] Lock '/root/.vscode-server/data/User/workspaceStorage/7357c8406dd7ab776bfe1fd154ad47e5/vscode.lock': Marking the lockfile as scheduled to be released in 6000 ms.
2024-12-28 16:07:49.499 [error] Canceled: Canceled
	at new IT (file:///root/.vscode-server/bin/fabdb6a30b49f79a7aba0f2ad9df9b399473380f/out/vs/workbench/api/node/extensionHostProcess.js:32:153476)
	at Dy.U (file:///root/.vscode-server/bin/fabdb6a30b49f79a7aba0f2ad9df9b399473380f/out/vs/workbench/api/node/extensionHostProcess.js:32:158086)
	at s.<computed>.n.charCodeAt.s.<computed> (file:///root/.vscode-server/bin/fabdb6a30b49f79a7aba0f2ad9df9b399473380f/out/vs/workbench/api/node/extensionHostProcess.js:32:155580)
	at cw.g (file:///root/.vscode-server/bin/fabdb6a30b49f79a7aba0f2ad9df9b399473380f/out/vs/workbench/api/node/extensionHostProcess.js:115:32313)
	at cw.executeCommand (file:///root/.vscode-server/bin/fabdb6a30b49f79a7aba0f2ad9df9b399473380f/out/vs/workbench/api/node/extensionHostProcess.js:115:31817)
	at r.registerCommand.description (file:///root/.vscode-server/bin/fabdb6a30b49f79a7aba0f2ad9df9b399473380f/out/vs/workbench/api/node/extensionHostProcess.js:115:31147)
	at cw.h (file:///root/.vscode-server/bin/fabdb6a30b49f79a7aba0f2ad9df9b399473380f/out/vs/workbench/api/node/extensionHostProcess.js:115:32833)
	at cw.g (file:///root/.vscode-server/bin/fabdb6a30b49f79a7aba0f2ad9df9b399473380f/out/vs/workbench/api/node/extensionHostProcess.js:115:31910)
	at cw.executeCommand (file:///root/.vscode-server/bin/fabdb6a30b49f79a7aba0f2ad9df9b399473380f/out/vs/workbench/api/node/extensionHostProcess.js:115:31817)
	at Object.executeCommand (file:///root/.vscode-server/bin/fabdb6a30b49f79a7aba0f2ad9df9b399473380f/out/vs/workbench/api/node/extensionHostProcess.js:157:37484)
	at Sh.L [as value] (/root/.vscode-server/bin/fabdb6a30b49f79a7aba0f2ad9df9b399473380f/extensions/git/dist/main.js:2:975601)
	at P.B (file:///root/.vscode-server/bin/fabdb6a30b49f79a7aba0f2ad9df9b399473380f/out/vs/workbench/api/node/extensionHostProcess.js:30:746)
	at P.C (file:///root/.vscode-server/bin/fabdb6a30b49f79a7aba0f2ad9df9b399473380f/out/vs/workbench/api/node/extensionHostProcess.js:30:816)
	at P.fire (file:///root/.vscode-server/bin/fabdb6a30b49f79a7aba0f2ad9df9b399473380f/out/vs/workbench/api/node/extensionHostProcess.js:30:1033)
	at Object.p [as dispose] (/root/.vscode-server/bin/fabdb6a30b49f79a7aba0f2ad9df9b399473380f/extensions/git/dist/main.js:2:997158)
	at /root/.vscode-server/bin/fabdb6a30b49f79a7aba0f2ad9df9b399473380f/extensions/git/dist/main.js:2:1003280
	at Array.forEach (<anonymous>)
	at b.dispose (/root/.vscode-server/bin/fabdb6a30b49f79a7aba0f2ad9df9b399473380f/extensions/git/dist/main.js:2:1003266)
	at ev.<anonymous> (file:///root/.vscode-server/bin/fabdb6a30b49f79a7aba0f2ad9df9b399473380f/out/vs/workbench/api/node/extensionHostProcess.js:109:20047)
	at ev.dispose (file:///root/.vscode-server/bin/fabdb6a30b49f79a7aba0f2ad9df9b399473380f/out/vs/workbench/api/node/extensionHostProcess.js:109:20143)
	at ev.<anonymous> (/root/.vscode-server/bin/fabdb6a30b49f79a7aba0f2ad9df9b399473380f/extensions/git/dist/main.js:2:978080)
	at ev.dispose (file:///root/.vscode-server/bin/fabdb6a30b49f79a7aba0f2ad9df9b399473380f/out/vs/workbench/api/node/extensionHostProcess.js:109:20143)
	at ai (file:///root/.vscode-server/bin/fabdb6a30b49f79a7aba0f2ad9df9b399473380f/out/vs/workbench/api/node/extensionHostProcess.js:25:699)
	at file:///root/.vscode-server/bin/fabdb6a30b49f79a7aba0f2ad9df9b399473380f/out/vs/workbench/api/node/extensionHostProcess.js:119:14992
	at file:///root/.vscode-server/bin/fabdb6a30b49f79a7aba0f2ad9df9b399473380f/out/vs/workbench/api/node/extensionHostProcess.js:25:1009
	at Object.dispose (file:///root/.vscode-server/bin/fabdb6a30b49f79a7aba0f2ad9df9b399473380f/out/vs/workbench/api/node/extensionHostProcess.js:8:705)
	at zz.eb (file:///root/.vscode-server/bin/fabdb6a30b49f79a7aba0f2ad9df9b399473380f/out/vs/workbench/api/node/extensionHostProcess.js:119:11919)
	at file:///root/.vscode-server/bin/fabdb6a30b49f79a7aba0f2ad9df9b399473380f/out/vs/workbench/api/node/extensionHostProcess.js:119:9874
	at Array.map (<anonymous>)
	at zz.$ (file:///root/.vscode-server/bin/fabdb6a30b49f79a7aba0f2ad9df9b399473380f/out/vs/workbench/api/node/extensionHostProcess.js:119:9862)
	at zz.terminate (file:///root/.vscode-server/bin/fabdb6a30b49f79a7aba0f2ad9df9b399473380f/out/vs/workbench/api/node/extensionHostProcess.js:119:10105)
	at Q3.terminate (file:///root/.vscode-server/bin/fabdb6a30b49f79a7aba0f2ad9df9b399473380f/out/vs/workbench/api/node/extensionHostProcess.js:120:1424)
	at Zi (file:///root/.vscode-server/bin/fabdb6a30b49f79a7aba0f2ad9df9b399473380f/out/vs/workbench/api/node/extensionHostProcess.js:175:15080)
	at Sh.value (file:///root/.vscode-server/bin/fabdb6a30b49f79a7aba0f2ad9df9b399473380f/out/vs/workbench/api/node/extensionHostProcess.js:175:13241)
	at P.B (file:///root/.vscode-server/bin/fabdb6a30b49f79a7aba0f2ad9df9b399473380f/out/vs/workbench/api/node/extensionHostProcess.js:30:746)
	at P.fire (file:///root/.vscode-server/bin/fabdb6a30b49f79a7aba0f2ad9df9b399473380f/out/vs/workbench/api/node/extensionHostProcess.js:30:964)
	at Vn.fire (file:///root/.vscode-server/bin/fabdb6a30b49f79a7aba0f2ad9df9b399473380f/out/vs/workbench/api/node/extensionHostProcess.js:32:9457)
	at Wm.A (file:///root/.vscode-server/bin/fabdb6a30b49f79a7aba0f2ad9df9b399473380f/out/vs/workbench/api/node/extensionHostProcess.js:32:12573)
	at Sh.value (file:///root/.vscode-server/bin/fabdb6a30b49f79a7aba0f2ad9df9b399473380f/out/vs/workbench/api/node/extensionHostProcess.js:32:10993)
	at P.B (file:///root/.vscode-server/bin/fabdb6a30b49f79a7aba0f2ad9df9b399473380f/out/vs/workbench/api/node/extensionHostProcess.js:30:746)
	at P.fire (file:///root/.vscode-server/bin/fabdb6a30b49f79a7aba0f2ad9df9b399473380f/out/vs/workbench/api/node/extensionHostProcess.js:30:964)
	at s6.acceptChunk (file:///root/.vscode-server/bin/fabdb6a30b49f79a7aba0f2ad9df9b399473380f/out/vs/workbench/api/node/extensionHostProcess.js:32:7940)
	at Sh.value (file:///root/.vscode-server/bin/fabdb6a30b49f79a7aba0f2ad9df9b399473380f/out/vs/workbench/api/node/extensionHostProcess.js:32:7226)
	at P.B (file:///root/.vscode-server/bin/fabdb6a30b49f79a7aba0f2ad9df9b399473380f/out/vs/workbench/api/node/extensionHostProcess.js:30:746)
	at P.fire (file:///root/.vscode-server/bin/fabdb6a30b49f79a7aba0f2ad9df9b399473380f/out/vs/workbench/api/node/extensionHostProcess.js:30:964)
	at vA.z (file:///root/.vscode-server/bin/fabdb6a30b49f79a7aba0f2ad9df9b399473380f/out/vs/workbench/api/node/extensionHostProcess.js:32:21944)
	at vA.acceptFrame (file:///root/.vscode-server/bin/fabdb6a30b49f79a7aba0f2ad9df9b399473380f/out/vs/workbench/api/node/extensionHostProcess.js:32:21750)
	at mA.n (file:///root/.vscode-server/bin/fabdb6a30b49f79a7aba0f2ad9df9b399473380f/out/vs/workbench/api/node/extensionHostProcess.js:32:20278)
	at file:///root/.vscode-server/bin/fabdb6a30b49f79a7aba0f2ad9df9b399473380f/out/vs/workbench/api/node/extensionHostProcess.js:32:17510
	at Socket.t (file:///root/.vscode-server/bin/fabdb6a30b49f79a7aba0f2ad9df9b399473380f/out/vs/workbench/api/node/extensionHostProcess.js:32:15451)
	at Socket.emit (node:events:518:28)
	at addChunk (node:internal/streams/readable:561:12)
	at readableAddChunkPushByteMode (node:internal/streams/readable:512:3)
	at Readable.push (node:internal/streams/readable:392:5)
	at TCP.onStreamRead (node:internal/stream_base_commons:191:23) setContext undefined
2024-12-28 16:07:49.499 [error] Canceled: Canceled
	at new IT (file:///root/.vscode-server/bin/fabdb6a30b49f79a7aba0f2ad9df9b399473380f/out/vs/workbench/api/node/extensionHostProcess.js:32:153476)
	at Dy.U (file:///root/.vscode-server/bin/fabdb6a30b49f79a7aba0f2ad9df9b399473380f/out/vs/workbench/api/node/extensionHostProcess.js:32:158086)
	at s.<computed>.n.charCodeAt.s.<computed> (file:///root/.vscode-server/bin/fabdb6a30b49f79a7aba0f2ad9df9b399473380f/out/vs/workbench/api/node/extensionHostProcess.js:32:155580)
	at cw.g (file:///root/.vscode-server/bin/fabdb6a30b49f79a7aba0f2ad9df9b399473380f/out/vs/workbench/api/node/extensionHostProcess.js:115:32313)
	at cw.executeCommand (file:///root/.vscode-server/bin/fabdb6a30b49f79a7aba0f2ad9df9b399473380f/out/vs/workbench/api/node/extensionHostProcess.js:115:31817)
	at r.registerCommand.description (file:///root/.vscode-server/bin/fabdb6a30b49f79a7aba0f2ad9df9b399473380f/out/vs/workbench/api/node/extensionHostProcess.js:115:31147)
	at cw.h (file:///root/.vscode-server/bin/fabdb6a30b49f79a7aba0f2ad9df9b399473380f/out/vs/workbench/api/node/extensionHostProcess.js:115:32833)
	at cw.g (file:///root/.vscode-server/bin/fabdb6a30b49f79a7aba0f2ad9df9b399473380f/out/vs/workbench/api/node/extensionHostProcess.js:115:31910)
	at cw.executeCommand (file:///root/.vscode-server/bin/fabdb6a30b49f79a7aba0f2ad9df9b399473380f/out/vs/workbench/api/node/extensionHostProcess.js:115:31817)
	at Object.executeCommand (file:///root/.vscode-server/bin/fabdb6a30b49f79a7aba0f2ad9df9b399473380f/out/vs/workbench/api/node/extensionHostProcess.js:157:37484)
	at Sh.L [as value] (/root/.vscode-server/bin/fabdb6a30b49f79a7aba0f2ad9df9b399473380f/extensions/git/dist/main.js:2:975601)
	at P.B (file:///root/.vscode-server/bin/fabdb6a30b49f79a7aba0f2ad9df9b399473380f/out/vs/workbench/api/node/extensionHostProcess.js:30:746)
	at P.C (file:///root/.vscode-server/bin/fabdb6a30b49f79a7aba0f2ad9df9b399473380f/out/vs/workbench/api/node/extensionHostProcess.js:30:816)
	at P.fire (file:///root/.vscode-server/bin/fabdb6a30b49f79a7aba0f2ad9df9b399473380f/out/vs/workbench/api/node/extensionHostProcess.js:30:1033)
	at Object.p [as dispose] (/root/.vscode-server/bin/fabdb6a30b49f79a7aba0f2ad9df9b399473380f/extensions/git/dist/main.js:2:997158)
	at /root/.vscode-server/bin/fabdb6a30b49f79a7aba0f2ad9df9b399473380f/extensions/git/dist/main.js:2:1003280
	at Array.forEach (<anonymous>)
	at b.dispose (/root/.vscode-server/bin/fabdb6a30b49f79a7aba0f2ad9df9b399473380f/extensions/git/dist/main.js:2:1003266)
	at ev.<anonymous> (file:///root/.vscode-server/bin/fabdb6a30b49f79a7aba0f2ad9df9b399473380f/out/vs/workbench/api/node/extensionHostProcess.js:109:20047)
	at ev.dispose (file:///root/.vscode-server/bin/fabdb6a30b49f79a7aba0f2ad9df9b399473380f/out/vs/workbench/api/node/extensionHostProcess.js:109:20143)
	at ev.<anonymous> (/root/.vscode-server/bin/fabdb6a30b49f79a7aba0f2ad9df9b399473380f/extensions/git/dist/main.js:2:978080)
	at ev.dispose (file:///root/.vscode-server/bin/fabdb6a30b49f79a7aba0f2ad9df9b399473380f/out/vs/workbench/api/node/extensionHostProcess.js:109:20143)
	at ai (file:///root/.vscode-server/bin/fabdb6a30b49f79a7aba0f2ad9df9b399473380f/out/vs/workbench/api/node/extensionHostProcess.js:25:699)
	at file:///root/.vscode-server/bin/fabdb6a30b49f79a7aba0f2ad9df9b399473380f/out/vs/workbench/api/node/extensionHostProcess.js:119:14992
	at file:///root/.vscode-server/bin/fabdb6a30b49f79a7aba0f2ad9df9b399473380f/out/vs/workbench/api/node/extensionHostProcess.js:25:1009
	at Object.dispose (file:///root/.vscode-server/bin/fabdb6a30b49f79a7aba0f2ad9df9b399473380f/out/vs/workbench/api/node/extensionHostProcess.js:8:705)
	at zz.eb (file:///root/.vscode-server/bin/fabdb6a30b49f79a7aba0f2ad9df9b399473380f/out/vs/workbench/api/node/extensionHostProcess.js:119:11919)
	at file:///root/.vscode-server/bin/fabdb6a30b49f79a7aba0f2ad9df9b399473380f/out/vs/workbench/api/node/extensionHostProcess.js:119:9874
	at Array.map (<anonymous>)
	at zz.$ (file:///root/.vscode-server/bin/fabdb6a30b49f79a7aba0f2ad9df9b399473380f/out/vs/workbench/api/node/extensionHostProcess.js:119:9862)
	at zz.terminate (file:///root/.vscode-server/bin/fabdb6a30b49f79a7aba0f2ad9df9b399473380f/out/vs/workbench/api/node/extensionHostProcess.js:119:10105)
	at Q3.terminate (file:///root/.vscode-server/bin/fabdb6a30b49f79a7aba0f2ad9df9b399473380f/out/vs/workbench/api/node/extensionHostProcess.js:120:1424)
	at Zi (file:///root/.vscode-server/bin/fabdb6a30b49f79a7aba0f2ad9df9b399473380f/out/vs/workbench/api/node/extensionHostProcess.js:175:15080)
	at Sh.value (file:///root/.vscode-server/bin/fabdb6a30b49f79a7aba0f2ad9df9b399473380f/out/vs/workbench/api/node/extensionHostProcess.js:175:13241)
	at P.B (file:///root/.vscode-server/bin/fabdb6a30b49f79a7aba0f2ad9df9b399473380f/out/vs/workbench/api/node/extensionHostProcess.js:30:746)
	at P.fire (file:///root/.vscode-server/bin/fabdb6a30b49f79a7aba0f2ad9df9b399473380f/out/vs/workbench/api/node/extensionHostProcess.js:30:964)
	at Vn.fire (file:///root/.vscode-server/bin/fabdb6a30b49f79a7aba0f2ad9df9b399473380f/out/vs/workbench/api/node/extensionHostProcess.js:32:9457)
	at Wm.A (file:///root/.vscode-server/bin/fabdb6a30b49f79a7aba0f2ad9df9b399473380f/out/vs/workbench/api/node/extensionHostProcess.js:32:12573)
	at Sh.value (file:///root/.vscode-server/bin/fabdb6a30b49f79a7aba0f2ad9df9b399473380f/out/vs/workbench/api/node/extensionHostProcess.js:32:10993)
	at P.B (file:///root/.vscode-server/bin/fabdb6a30b49f79a7aba0f2ad9df9b399473380f/out/vs/workbench/api/node/extensionHostProcess.js:30:746)
	at P.fire (file:///root/.vscode-server/bin/fabdb6a30b49f79a7aba0f2ad9df9b399473380f/out/vs/workbench/api/node/extensionHostProcess.js:30:964)
	at s6.acceptChunk (file:///root/.vscode-server/bin/fabdb6a30b49f79a7aba0f2ad9df9b399473380f/out/vs/workbench/api/node/extensionHostProcess.js:32:7940)
	at Sh.value (file:///root/.vscode-server/bin/fabdb6a30b49f79a7aba0f2ad9df9b399473380f/out/vs/workbench/api/node/extensionHostProcess.js:32:7226)
	at P.B (file:///root/.vscode-server/bin/fabdb6a30b49f79a7aba0f2ad9df9b399473380f/out/vs/workbench/api/node/extensionHostProcess.js:30:746)
	at P.fire (file:///root/.vscode-server/bin/fabdb6a30b49f79a7aba0f2ad9df9b399473380f/out/vs/workbench/api/node/extensionHostProcess.js:30:964)
	at vA.z (file:///root/.vscode-server/bin/fabdb6a30b49f79a7aba0f2ad9df9b399473380f/out/vs/workbench/api/node/extensionHostProcess.js:32:21944)
	at vA.acceptFrame (file:///root/.vscode-server/bin/fabdb6a30b49f79a7aba0f2ad9df9b399473380f/out/vs/workbench/api/node/extensionHostProcess.js:32:21750)
	at mA.n (file:///root/.vscode-server/bin/fabdb6a30b49f79a7aba0f2ad9df9b399473380f/out/vs/workbench/api/node/extensionHostProcess.js:32:20278)
	at file:///root/.vscode-server/bin/fabdb6a30b49f79a7aba0f2ad9df9b399473380f/out/vs/workbench/api/node/extensionHostProcess.js:32:17510
	at Socket.t (file:///root/.vscode-server/bin/fabdb6a30b49f79a7aba0f2ad9df9b399473380f/out/vs/workbench/api/node/extensionHostProcess.js:32:15451)
	at Socket.emit (node:events:518:28)
	at addChunk (node:internal/streams/readable:561:12)
	at readableAddChunkPushByteMode (node:internal/streams/readable:512:3)
	at Readable.push (node:internal/streams/readable:392:5)
	at TCP.onStreamRead (node:internal/stream_base_commons:191:23) setContext undefined
2024-12-28 16:07:49.500 [error] Canceled: Canceled
	at new IT (file:///root/.vscode-server/bin/fabdb6a30b49f79a7aba0f2ad9df9b399473380f/out/vs/workbench/api/node/extensionHostProcess.js:32:153476)
	at Dy.U (file:///root/.vscode-server/bin/fabdb6a30b49f79a7aba0f2ad9df9b399473380f/out/vs/workbench/api/node/extensionHostProcess.js:32:158086)
	at s.<computed>.n.charCodeAt.s.<computed> (file:///root/.vscode-server/bin/fabdb6a30b49f79a7aba0f2ad9df9b399473380f/out/vs/workbench/api/node/extensionHostProcess.js:32:155580)
	at cw.g (file:///root/.vscode-server/bin/fabdb6a30b49f79a7aba0f2ad9df9b399473380f/out/vs/workbench/api/node/extensionHostProcess.js:115:32313)
	at cw.executeCommand (file:///root/.vscode-server/bin/fabdb6a30b49f79a7aba0f2ad9df9b399473380f/out/vs/workbench/api/node/extensionHostProcess.js:115:31817)
	at r.registerCommand.description (file:///root/.vscode-server/bin/fabdb6a30b49f79a7aba0f2ad9df9b399473380f/out/vs/workbench/api/node/extensionHostProcess.js:115:31147)
	at cw.h (file:///root/.vscode-server/bin/fabdb6a30b49f79a7aba0f2ad9df9b399473380f/out/vs/workbench/api/node/extensionHostProcess.js:115:32833)
	at cw.g (file:///root/.vscode-server/bin/fabdb6a30b49f79a7aba0f2ad9df9b399473380f/out/vs/workbench/api/node/extensionHostProcess.js:115:31910)
	at cw.executeCommand (file:///root/.vscode-server/bin/fabdb6a30b49f79a7aba0f2ad9df9b399473380f/out/vs/workbench/api/node/extensionHostProcess.js:115:31817)
	at Object.executeCommand (file:///root/.vscode-server/bin/fabdb6a30b49f79a7aba0f2ad9df9b399473380f/out/vs/workbench/api/node/extensionHostProcess.js:157:37484)
	at Sh.L [as value] (/root/.vscode-server/bin/fabdb6a30b49f79a7aba0f2ad9df9b399473380f/extensions/git/dist/main.js:2:975601)
	at P.B (file:///root/.vscode-server/bin/fabdb6a30b49f79a7aba0f2ad9df9b399473380f/out/vs/workbench/api/node/extensionHostProcess.js:30:746)
	at P.C (file:///root/.vscode-server/bin/fabdb6a30b49f79a7aba0f2ad9df9b399473380f/out/vs/workbench/api/node/extensionHostProcess.js:30:816)
	at P.fire (file:///root/.vscode-server/bin/fabdb6a30b49f79a7aba0f2ad9df9b399473380f/out/vs/workbench/api/node/extensionHostProcess.js:30:1033)
	at Object.p [as dispose] (/root/.vscode-server/bin/fabdb6a30b49f79a7aba0f2ad9df9b399473380f/extensions/git/dist/main.js:2:997158)
	at /root/.vscode-server/bin/fabdb6a30b49f79a7aba0f2ad9df9b399473380f/extensions/git/dist/main.js:2:1003280
	at Array.forEach (<anonymous>)
	at b.dispose (/root/.vscode-server/bin/fabdb6a30b49f79a7aba0f2ad9df9b399473380f/extensions/git/dist/main.js:2:1003266)
	at ev.<anonymous> (file:///root/.vscode-server/bin/fabdb6a30b49f79a7aba0f2ad9df9b399473380f/out/vs/workbench/api/node/extensionHostProcess.js:109:20047)
	at ev.dispose (file:///root/.vscode-server/bin/fabdb6a30b49f79a7aba0f2ad9df9b399473380f/out/vs/workbench/api/node/extensionHostProcess.js:109:20143)
	at ev.<anonymous> (/root/.vscode-server/bin/fabdb6a30b49f79a7aba0f2ad9df9b399473380f/extensions/git/dist/main.js:2:978080)
	at ev.dispose (file:///root/.vscode-server/bin/fabdb6a30b49f79a7aba0f2ad9df9b399473380f/out/vs/workbench/api/node/extensionHostProcess.js:109:20143)
	at ai (file:///root/.vscode-server/bin/fabdb6a30b49f79a7aba0f2ad9df9b399473380f/out/vs/workbench/api/node/extensionHostProcess.js:25:699)
	at file:///root/.vscode-server/bin/fabdb6a30b49f79a7aba0f2ad9df9b399473380f/out/vs/workbench/api/node/extensionHostProcess.js:119:14992
	at file:///root/.vscode-server/bin/fabdb6a30b49f79a7aba0f2ad9df9b399473380f/out/vs/workbench/api/node/extensionHostProcess.js:25:1009
	at Object.dispose (file:///root/.vscode-server/bin/fabdb6a30b49f79a7aba0f2ad9df9b399473380f/out/vs/workbench/api/node/extensionHostProcess.js:8:705)
	at zz.eb (file:///root/.vscode-server/bin/fabdb6a30b49f79a7aba0f2ad9df9b399473380f/out/vs/workbench/api/node/extensionHostProcess.js:119:11919)
	at file:///root/.vscode-server/bin/fabdb6a30b49f79a7aba0f2ad9df9b399473380f/out/vs/workbench/api/node/extensionHostProcess.js:119:9874
	at Array.map (<anonymous>)
	at zz.$ (file:///root/.vscode-server/bin/fabdb6a30b49f79a7aba0f2ad9df9b399473380f/out/vs/workbench/api/node/extensionHostProcess.js:119:9862)
	at zz.terminate (file:///root/.vscode-server/bin/fabdb6a30b49f79a7aba0f2ad9df9b399473380f/out/vs/workbench/api/node/extensionHostProcess.js:119:10105)
	at Q3.terminate (file:///root/.vscode-server/bin/fabdb6a30b49f79a7aba0f2ad9df9b399473380f/out/vs/workbench/api/node/extensionHostProcess.js:120:1424)
	at Zi (file:///root/.vscode-server/bin/fabdb6a30b49f79a7aba0f2ad9df9b399473380f/out/vs/workbench/api/node/extensionHostProcess.js:175:15080)
	at Sh.value (file:///root/.vscode-server/bin/fabdb6a30b49f79a7aba0f2ad9df9b399473380f/out/vs/workbench/api/node/extensionHostProcess.js:175:13241)
	at P.B (file:///root/.vscode-server/bin/fabdb6a30b49f79a7aba0f2ad9df9b399473380f/out/vs/workbench/api/node/extensionHostProcess.js:30:746)
	at P.fire (file:///root/.vscode-server/bin/fabdb6a30b49f79a7aba0f2ad9df9b399473380f/out/vs/workbench/api/node/extensionHostProcess.js:30:964)
	at Vn.fire (file:///root/.vscode-server/bin/fabdb6a30b49f79a7aba0f2ad9df9b399473380f/out/vs/workbench/api/node/extensionHostProcess.js:32:9457)
	at Wm.A (file:///root/.vscode-server/bin/fabdb6a30b49f79a7aba0f2ad9df9b399473380f/out/vs/workbench/api/node/extensionHostProcess.js:32:12573)
	at Sh.value (file:///root/.vscode-server/bin/fabdb6a30b49f79a7aba0f2ad9df9b399473380f/out/vs/workbench/api/node/extensionHostProcess.js:32:10993)
	at P.B (file:///root/.vscode-server/bin/fabdb6a30b49f79a7aba0f2ad9df9b399473380f/out/vs/workbench/api/node/extensionHostProcess.js:30:746)
	at P.fire (file:///root/.vscode-server/bin/fabdb6a30b49f79a7aba0f2ad9df9b399473380f/out/vs/workbench/api/node/extensionHostProcess.js:30:964)
	at s6.acceptChunk (file:///root/.vscode-server/bin/fabdb6a30b49f79a7aba0f2ad9df9b399473380f/out/vs/workbench/api/node/extensionHostProcess.js:32:7940)
	at Sh.value (file:///root/.vscode-server/bin/fabdb6a30b49f79a7aba0f2ad9df9b399473380f/out/vs/workbench/api/node/extensionHostProcess.js:32:7226)
	at P.B (file:///root/.vscode-server/bin/fabdb6a30b49f79a7aba0f2ad9df9b399473380f/out/vs/workbench/api/node/extensionHostProcess.js:30:746)
	at P.fire (file:///root/.vscode-server/bin/fabdb6a30b49f79a7aba0f2ad9df9b399473380f/out/vs/workbench/api/node/extensionHostProcess.js:30:964)
	at vA.z (file:///root/.vscode-server/bin/fabdb6a30b49f79a7aba0f2ad9df9b399473380f/out/vs/workbench/api/node/extensionHostProcess.js:32:21944)
	at vA.acceptFrame (file:///root/.vscode-server/bin/fabdb6a30b49f79a7aba0f2ad9df9b399473380f/out/vs/workbench/api/node/extensionHostProcess.js:32:21750)
	at mA.n (file:///root/.vscode-server/bin/fabdb6a30b49f79a7aba0f2ad9df9b399473380f/out/vs/workbench/api/node/extensionHostProcess.js:32:20278)
	at file:///root/.vscode-server/bin/fabdb6a30b49f79a7aba0f2ad9df9b399473380f/out/vs/workbench/api/node/extensionHostProcess.js:32:17510
	at Socket.t (file:///root/.vscode-server/bin/fabdb6a30b49f79a7aba0f2ad9df9b399473380f/out/vs/workbench/api/node/extensionHostProcess.js:32:15451)
	at Socket.emit (node:events:518:28)
	at addChunk (node:internal/streams/readable:561:12)
	at readableAddChunkPushByteMode (node:internal/streams/readable:512:3)
	at Readable.push (node:internal/streams/readable:392:5)
	at TCP.onStreamRead (node:internal/stream_base_commons:191:23) setContext undefined
2024-12-28 16:07:49.500 [error] Canceled: Canceled
	at new IT (file:///root/.vscode-server/bin/fabdb6a30b49f79a7aba0f2ad9df9b399473380f/out/vs/workbench/api/node/extensionHostProcess.js:32:153476)
	at Dy.U (file:///root/.vscode-server/bin/fabdb6a30b49f79a7aba0f2ad9df9b399473380f/out/vs/workbench/api/node/extensionHostProcess.js:32:158086)
	at s.<computed>.n.charCodeAt.s.<computed> (file:///root/.vscode-server/bin/fabdb6a30b49f79a7aba0f2ad9df9b399473380f/out/vs/workbench/api/node/extensionHostProcess.js:32:155580)
	at cw.g (file:///root/.vscode-server/bin/fabdb6a30b49f79a7aba0f2ad9df9b399473380f/out/vs/workbench/api/node/extensionHostProcess.js:115:32313)
	at cw.executeCommand (file:///root/.vscode-server/bin/fabdb6a30b49f79a7aba0f2ad9df9b399473380f/out/vs/workbench/api/node/extensionHostProcess.js:115:31817)
	at r.registerCommand.description (file:///root/.vscode-server/bin/fabdb6a30b49f79a7aba0f2ad9df9b399473380f/out/vs/workbench/api/node/extensionHostProcess.js:115:31147)
	at cw.h (file:///root/.vscode-server/bin/fabdb6a30b49f79a7aba0f2ad9df9b399473380f/out/vs/workbench/api/node/extensionHostProcess.js:115:32833)
	at cw.g (file:///root/.vscode-server/bin/fabdb6a30b49f79a7aba0f2ad9df9b399473380f/out/vs/workbench/api/node/extensionHostProcess.js:115:31910)
	at cw.executeCommand (file:///root/.vscode-server/bin/fabdb6a30b49f79a7aba0f2ad9df9b399473380f/out/vs/workbench/api/node/extensionHostProcess.js:115:31817)
	at Object.executeCommand (file:///root/.vscode-server/bin/fabdb6a30b49f79a7aba0f2ad9df9b399473380f/out/vs/workbench/api/node/extensionHostProcess.js:157:37484)
	at Sh.L [as value] (/root/.vscode-server/bin/fabdb6a30b49f79a7aba0f2ad9df9b399473380f/extensions/git/dist/main.js:2:975601)
	at P.B (file:///root/.vscode-server/bin/fabdb6a30b49f79a7aba0f2ad9df9b399473380f/out/vs/workbench/api/node/extensionHostProcess.js:30:746)
	at P.C (file:///root/.vscode-server/bin/fabdb6a30b49f79a7aba0f2ad9df9b399473380f/out/vs/workbench/api/node/extensionHostProcess.js:30:816)
	at P.fire (file:///root/.vscode-server/bin/fabdb6a30b49f79a7aba0f2ad9df9b399473380f/out/vs/workbench/api/node/extensionHostProcess.js:30:1033)
	at Object.p [as dispose] (/root/.vscode-server/bin/fabdb6a30b49f79a7aba0f2ad9df9b399473380f/extensions/git/dist/main.js:2:997158)
	at /root/.vscode-server/bin/fabdb6a30b49f79a7aba0f2ad9df9b399473380f/extensions/git/dist/main.js:2:1003280
	at Array.forEach (<anonymous>)
	at b.dispose (/root/.vscode-server/bin/fabdb6a30b49f79a7aba0f2ad9df9b399473380f/extensions/git/dist/main.js:2:1003266)
	at ev.<anonymous> (file:///root/.vscode-server/bin/fabdb6a30b49f79a7aba0f2ad9df9b399473380f/out/vs/workbench/api/node/extensionHostProcess.js:109:20047)
	at ev.dispose (file:///root/.vscode-server/bin/fabdb6a30b49f79a7aba0f2ad9df9b399473380f/out/vs/workbench/api/node/extensionHostProcess.js:109:20143)
	at ev.<anonymous> (/root/.vscode-server/bin/fabdb6a30b49f79a7aba0f2ad9df9b399473380f/extensions/git/dist/main.js:2:978080)
	at ev.dispose (file:///root/.vscode-server/bin/fabdb6a30b49f79a7aba0f2ad9df9b399473380f/out/vs/workbench/api/node/extensionHostProcess.js:109:20143)
	at ai (file:///root/.vscode-server/bin/fabdb6a30b49f79a7aba0f2ad9df9b399473380f/out/vs/workbench/api/node/extensionHostProcess.js:25:699)
	at file:///root/.vscode-server/bin/fabdb6a30b49f79a7aba0f2ad9df9b399473380f/out/vs/workbench/api/node/extensionHostProcess.js:119:14992
	at file:///root/.vscode-server/bin/fabdb6a30b49f79a7aba0f2ad9df9b399473380f/out/vs/workbench/api/node/extensionHostProcess.js:25:1009
	at Object.dispose (file:///root/.vscode-server/bin/fabdb6a30b49f79a7aba0f2ad9df9b399473380f/out/vs/workbench/api/node/extensionHostProcess.js:8:705)
	at zz.eb (file:///root/.vscode-server/bin/fabdb6a30b49f79a7aba0f2ad9df9b399473380f/out/vs/workbench/api/node/extensionHostProcess.js:119:11919)
	at file:///root/.vscode-server/bin/fabdb6a30b49f79a7aba0f2ad9df9b399473380f/out/vs/workbench/api/node/extensionHostProcess.js:119:9874
	at Array.map (<anonymous>)
	at zz.$ (file:///root/.vscode-server/bin/fabdb6a30b49f79a7aba0f2ad9df9b399473380f/out/vs/workbench/api/node/extensionHostProcess.js:119:9862)
	at zz.terminate (file:///root/.vscode-server/bin/fabdb6a30b49f79a7aba0f2ad9df9b399473380f/out/vs/workbench/api/node/extensionHostProcess.js:119:10105)
	at Q3.terminate (file:///root/.vscode-server/bin/fabdb6a30b49f79a7aba0f2ad9df9b399473380f/out/vs/workbench/api/node/extensionHostProcess.js:120:1424)
	at Zi (file:///root/.vscode-server/bin/fabdb6a30b49f79a7aba0f2ad9df9b399473380f/out/vs/workbench/api/node/extensionHostProcess.js:175:15080)
	at Sh.value (file:///root/.vscode-server/bin/fabdb6a30b49f79a7aba0f2ad9df9b399473380f/out/vs/workbench/api/node/extensionHostProcess.js:175:13241)
	at P.B (file:///root/.vscode-server/bin/fabdb6a30b49f79a7aba0f2ad9df9b399473380f/out/vs/workbench/api/node/extensionHostProcess.js:30:746)
	at P.fire (file:///root/.vscode-server/bin/fabdb6a30b49f79a7aba0f2ad9df9b399473380f/out/vs/workbench/api/node/extensionHostProcess.js:30:964)
	at Vn.fire (file:///root/.vscode-server/bin/fabdb6a30b49f79a7aba0f2ad9df9b399473380f/out/vs/workbench/api/node/extensionHostProcess.js:32:9457)
	at Wm.A (file:///root/.vscode-server/bin/fabdb6a30b49f79a7aba0f2ad9df9b399473380f/out/vs/workbench/api/node/extensionHostProcess.js:32:12573)
	at Sh.value (file:///root/.vscode-server/bin/fabdb6a30b49f79a7aba0f2ad9df9b399473380f/out/vs/workbench/api/node/extensionHostProcess.js:32:10993)
	at P.B (file:///root/.vscode-server/bin/fabdb6a30b49f79a7aba0f2ad9df9b399473380f/out/vs/workbench/api/node/extensionHostProcess.js:30:746)
	at P.fire (file:///root/.vscode-server/bin/fabdb6a30b49f79a7aba0f2ad9df9b399473380f/out/vs/workbench/api/node/extensionHostProcess.js:30:964)
	at s6.acceptChunk (file:///root/.vscode-server/bin/fabdb6a30b49f79a7aba0f2ad9df9b399473380f/out/vs/workbench/api/node/extensionHostProcess.js:32:7940)
	at Sh.value (file:///root/.vscode-server/bin/fabdb6a30b49f79a7aba0f2ad9df9b399473380f/out/vs/workbench/api/node/extensionHostProcess.js:32:7226)
	at P.B (file:///root/.vscode-server/bin/fabdb6a30b49f79a7aba0f2ad9df9b399473380f/out/vs/workbench/api/node/extensionHostProcess.js:30:746)
	at P.fire (file:///root/.vscode-server/bin/fabdb6a30b49f79a7aba0f2ad9df9b399473380f/out/vs/workbench/api/node/extensionHostProcess.js:30:964)
	at vA.z (file:///root/.vscode-server/bin/fabdb6a30b49f79a7aba0f2ad9df9b399473380f/out/vs/workbench/api/node/extensionHostProcess.js:32:21944)
	at vA.acceptFrame (file:///root/.vscode-server/bin/fabdb6a30b49f79a7aba0f2ad9df9b399473380f/out/vs/workbench/api/node/extensionHostProcess.js:32:21750)
	at mA.n (file:///root/.vscode-server/bin/fabdb6a30b49f79a7aba0f2ad9df9b399473380f/out/vs/workbench/api/node/extensionHostProcess.js:32:20278)
	at file:///root/.vscode-server/bin/fabdb6a30b49f79a7aba0f2ad9df9b399473380f/out/vs/workbench/api/node/extensionHostProcess.js:32:17510
	at Socket.t (file:///root/.vscode-server/bin/fabdb6a30b49f79a7aba0f2ad9df9b399473380f/out/vs/workbench/api/node/extensionHostProcess.js:32:15451)
	at Socket.emit (node:events:518:28)
	at addChunk (node:internal/streams/readable:561:12)
	at readableAddChunkPushByteMode (node:internal/streams/readable:512:3)
	at Readable.push (node:internal/streams/readable:392:5)
	at TCP.onStreamRead (node:internal/stream_base_commons:191:23) setContext undefined
2024-12-28 16:07:49.501 [error] Canceled: Canceled
	at new IT (file:///root/.vscode-server/bin/fabdb6a30b49f79a7aba0f2ad9df9b399473380f/out/vs/workbench/api/node/extensionHostProcess.js:32:153476)
	at Dy.U (file:///root/.vscode-server/bin/fabdb6a30b49f79a7aba0f2ad9df9b399473380f/out/vs/workbench/api/node/extensionHostProcess.js:32:158086)
	at s.<computed>.n.charCodeAt.s.<computed> (file:///root/.vscode-server/bin/fabdb6a30b49f79a7aba0f2ad9df9b399473380f/out/vs/workbench/api/node/extensionHostProcess.js:32:155580)
	at cw.g (file:///root/.vscode-server/bin/fabdb6a30b49f79a7aba0f2ad9df9b399473380f/out/vs/workbench/api/node/extensionHostProcess.js:115:32313)
	at cw.executeCommand (file:///root/.vscode-server/bin/fabdb6a30b49f79a7aba0f2ad9df9b399473380f/out/vs/workbench/api/node/extensionHostProcess.js:115:31817)
	at r.registerCommand.description (file:///root/.vscode-server/bin/fabdb6a30b49f79a7aba0f2ad9df9b399473380f/out/vs/workbench/api/node/extensionHostProcess.js:115:31147)
	at cw.h (file:///root/.vscode-server/bin/fabdb6a30b49f79a7aba0f2ad9df9b399473380f/out/vs/workbench/api/node/extensionHostProcess.js:115:32833)
	at cw.g (file:///root/.vscode-server/bin/fabdb6a30b49f79a7aba0f2ad9df9b399473380f/out/vs/workbench/api/node/extensionHostProcess.js:115:31910)
	at cw.executeCommand (file:///root/.vscode-server/bin/fabdb6a30b49f79a7aba0f2ad9df9b399473380f/out/vs/workbench/api/node/extensionHostProcess.js:115:31817)
	at Object.executeCommand (file:///root/.vscode-server/bin/fabdb6a30b49f79a7aba0f2ad9df9b399473380f/out/vs/workbench/api/node/extensionHostProcess.js:157:37484)
	at set hasGitHubRepositories [as hasGitHubRepositories] (/root/.vscode-server/bin/fabdb6a30b49f79a7aba0f2ad9df9b399473380f/extensions/github/dist/extension.js:2:328633)
	at /root/.vscode-server/bin/fabdb6a30b49f79a7aba0f2ad9df9b399473380f/extensions/github/dist/extension.js:2:329592
	at Sh.value (/root/.vscode-server/bin/fabdb6a30b49f79a7aba0f2ad9df9b399473380f/extensions/git/dist/main.js:2:1088462)
	at P.B (file:///root/.vscode-server/bin/fabdb6a30b49f79a7aba0f2ad9df9b399473380f/out/vs/workbench/api/node/extensionHostProcess.js:30:746)
	at P.C (file:///root/.vscode-server/bin/fabdb6a30b49f79a7aba0f2ad9df9b399473380f/out/vs/workbench/api/node/extensionHostProcess.js:30:816)
	at P.fire (file:///root/.vscode-server/bin/fabdb6a30b49f79a7aba0f2ad9df9b399473380f/out/vs/workbench/api/node/extensionHostProcess.js:30:1033)
	at Object.p [as dispose] (/root/.vscode-server/bin/fabdb6a30b49f79a7aba0f2ad9df9b399473380f/extensions/git/dist/main.js:2:997158)
	at /root/.vscode-server/bin/fabdb6a30b49f79a7aba0f2ad9df9b399473380f/extensions/git/dist/main.js:2:1003280
	at Array.forEach (<anonymous>)
	at b.dispose (/root/.vscode-server/bin/fabdb6a30b49f79a7aba0f2ad9df9b399473380f/extensions/git/dist/main.js:2:1003266)
	at ev.<anonymous> (file:///root/.vscode-server/bin/fabdb6a30b49f79a7aba0f2ad9df9b399473380f/out/vs/workbench/api/node/extensionHostProcess.js:109:20047)
	at ev.dispose (file:///root/.vscode-server/bin/fabdb6a30b49f79a7aba0f2ad9df9b399473380f/out/vs/workbench/api/node/extensionHostProcess.js:109:20143)
	at ev.<anonymous> (/root/.vscode-server/bin/fabdb6a30b49f79a7aba0f2ad9df9b399473380f/extensions/git/dist/main.js:2:978080)
	at ev.dispose (file:///root/.vscode-server/bin/fabdb6a30b49f79a7aba0f2ad9df9b399473380f/out/vs/workbench/api/node/extensionHostProcess.js:109:20143)
	at ai (file:///root/.vscode-server/bin/fabdb6a30b49f79a7aba0f2ad9df9b399473380f/out/vs/workbench/api/node/extensionHostProcess.js:25:699)
	at file:///root/.vscode-server/bin/fabdb6a30b49f79a7aba0f2ad9df9b399473380f/out/vs/workbench/api/node/extensionHostProcess.js:119:14992
	at file:///root/.vscode-server/bin/fabdb6a30b49f79a7aba0f2ad9df9b399473380f/out/vs/workbench/api/node/extensionHostProcess.js:25:1009
	at Object.dispose (file:///root/.vscode-server/bin/fabdb6a30b49f79a7aba0f2ad9df9b399473380f/out/vs/workbench/api/node/extensionHostProcess.js:8:705)
	at zz.eb (file:///root/.vscode-server/bin/fabdb6a30b49f79a7aba0f2ad9df9b399473380f/out/vs/workbench/api/node/extensionHostProcess.js:119:11919)
	at file:///root/.vscode-server/bin/fabdb6a30b49f79a7aba0f2ad9df9b399473380f/out/vs/workbench/api/node/extensionHostProcess.js:119:9874
	at Array.map (<anonymous>)
	at zz.$ (file:///root/.vscode-server/bin/fabdb6a30b49f79a7aba0f2ad9df9b399473380f/out/vs/workbench/api/node/extensionHostProcess.js:119:9862)
	at zz.terminate (file:///root/.vscode-server/bin/fabdb6a30b49f79a7aba0f2ad9df9b399473380f/out/vs/workbench/api/node/extensionHostProcess.js:119:10105)
	at Q3.terminate (file:///root/.vscode-server/bin/fabdb6a30b49f79a7aba0f2ad9df9b399473380f/out/vs/workbench/api/node/extensionHostProcess.js:120:1424)
	at Zi (file:///root/.vscode-server/bin/fabdb6a30b49f79a7aba0f2ad9df9b399473380f/out/vs/workbench/api/node/extensionHostProcess.js:175:15080)
	at Sh.value (file:///root/.vscode-server/bin/fabdb6a30b49f79a7aba0f2ad9df9b399473380f/out/vs/workbench/api/node/extensionHostProcess.js:175:13241)
	at P.B (file:///root/.vscode-server/bin/fabdb6a30b49f79a7aba0f2ad9df9b399473380f/out/vs/workbench/api/node/extensionHostProcess.js:30:746)
	at P.fire (file:///root/.vscode-server/bin/fabdb6a30b49f79a7aba0f2ad9df9b399473380f/out/vs/workbench/api/node/extensionHostProcess.js:30:964)
	at Vn.fire (file:///root/.vscode-server/bin/fabdb6a30b49f79a7aba0f2ad9df9b399473380f/out/vs/workbench/api/node/extensionHostProcess.js:32:9457)
	at Wm.A (file:///root/.vscode-server/bin/fabdb6a30b49f79a7aba0f2ad9df9b399473380f/out/vs/workbench/api/node/extensionHostProcess.js:32:12573)
	at Sh.value (file:///root/.vscode-server/bin/fabdb6a30b49f79a7aba0f2ad9df9b399473380f/out/vs/workbench/api/node/extensionHostProcess.js:32:10993)
	at P.B (file:///root/.vscode-server/bin/fabdb6a30b49f79a7aba0f2ad9df9b399473380f/out/vs/workbench/api/node/extensionHostProcess.js:30:746)
	at P.fire (file:///root/.vscode-server/bin/fabdb6a30b49f79a7aba0f2ad9df9b399473380f/out/vs/workbench/api/node/extensionHostProcess.js:30:964)
	at s6.acceptChunk (file:///root/.vscode-server/bin/fabdb6a30b49f79a7aba0f2ad9df9b399473380f/out/vs/workbench/api/node/extensionHostProcess.js:32:7940)
	at Sh.value (file:///root/.vscode-server/bin/fabdb6a30b49f79a7aba0f2ad9df9b399473380f/out/vs/workbench/api/node/extensionHostProcess.js:32:7226)
	at P.B (file:///root/.vscode-server/bin/fabdb6a30b49f79a7aba0f2ad9df9b399473380f/out/vs/workbench/api/node/extensionHostProcess.js:30:746)
	at P.fire (file:///root/.vscode-server/bin/fabdb6a30b49f79a7aba0f2ad9df9b399473380f/out/vs/workbench/api/node/extensionHostProcess.js:30:964)
	at vA.z (file:///root/.vscode-server/bin/fabdb6a30b49f79a7aba0f2ad9df9b399473380f/out/vs/workbench/api/node/extensionHostProcess.js:32:21944)
	at vA.acceptFrame (file:///root/.vscode-server/bin/fabdb6a30b49f79a7aba0f2ad9df9b399473380f/out/vs/workbench/api/node/extensionHostProcess.js:32:21750)
	at mA.n (file:///root/.vscode-server/bin/fabdb6a30b49f79a7aba0f2ad9df9b399473380f/out/vs/workbench/api/node/extensionHostProcess.js:32:20278)
	at file:///root/.vscode-server/bin/fabdb6a30b49f79a7aba0f2ad9df9b399473380f/out/vs/workbench/api/node/extensionHostProcess.js:32:17510
	at Socket.t (file:///root/.vscode-server/bin/fabdb6a30b49f79a7aba0f2ad9df9b399473380f/out/vs/workbench/api/node/extensionHostProcess.js:32:15451)
	at Socket.emit (node:events:518:28)
	at addChunk (node:internal/streams/readable:561:12)
	at readableAddChunkPushByteMode (node:internal/streams/readable:512:3)
	at Readable.push (node:internal/streams/readable:392:5)
	at TCP.onStreamRead (node:internal/stream_base_commons:191:23) setContext undefined
2024-12-28 16:07:49.502 [info] Extension host with pid 74514 exiting with code 0
