2024-12-28 15:19:36.991 [info] [main] Log level: Info
2024-12-28 15:19:36.991 [info] [main] Validating found git in: "git"
2024-12-28 15:19:36.991 [info] [main] Using git "2.34.1" from "git"
2024-12-28 15:19:36.991 [info] [Model][doInitialScan] Initial repository scan started
2024-12-28 15:19:36.991 [info] > git rev-parse --show-toplevel [5ms]
2024-12-28 15:19:36.993 [info] > git rev-parse --git-dir --git-common-dir [3ms]
2024-12-28 15:19:37.015 [info] [Model][openRepository] Opened repository: /root
2024-12-28 15:19:37.065 [info] > git config --get commit.template [40ms]
2024-12-28 15:19:37.123 [info] > git for-each-ref --format=%(refname)%00%(upstream:short)%00%(objectname)%00%(upstream:track)%00%(upstream:remotename)%00%(upstream:remoteref) refs/heads/main refs/remotes/main [49ms]
2024-12-28 15:19:37.167 [info] > git rev-parse --show-toplevel [50ms]
2024-12-28 15:19:37.176 [info] > git for-each-ref --sort -committerdate --format %(refname) %(objectname) %(*objectname) [33ms]
2024-12-28 15:19:37.180 [info] > git rev-parse --show-toplevel [5ms]
2024-12-28 15:19:37.190 [info] > git rev-parse --show-toplevel [4ms]
2024-12-28 15:19:37.197 [info] > git rev-parse --show-toplevel [2ms]
2024-12-28 15:19:37.207 [info] > git rev-parse --show-toplevel [2ms]
2024-12-28 15:19:37.217 [info] > git rev-parse --git-dir --git-common-dir [2ms]
2024-12-28 15:19:37.227 [info] [Model][openRepository] Opened repository: /root/.oh-my-zsh
2024-12-28 15:19:37.247 [info] > git rev-parse --show-toplevel [6ms]
2024-12-28 15:19:37.249 [info] > git config --get commit.template [12ms]
2024-12-28 15:19:37.268 [info] > git rev-parse --git-dir --git-common-dir [12ms]
2024-12-28 15:19:37.279 [info] [Model][openRepository] Opened repository: /root/.pyenv
2024-12-28 15:19:37.301 [info] > git for-each-ref --format=%(refname)%00%(upstream:short)%00%(objectname)%00%(upstream:track)%00%(upstream:remotename)%00%(upstream:remoteref) refs/heads/master refs/remotes/master [35ms]
2024-12-28 15:19:37.304 [info] > git rev-parse --show-toplevel [13ms]
2024-12-28 15:19:37.304 [info] > git config --get commit.template [19ms]
2024-12-28 15:19:37.324 [info] > git status -z -uall [191ms] (cancelled)
2024-12-28 15:19:37.325 [info] > git rev-parse --show-toplevel [14ms]
2024-12-28 15:19:37.358 [info] > git for-each-ref --format=%(refname)%00%(upstream:short)%00%(objectname)%00%(upstream:track)%00%(upstream:remotename)%00%(upstream:remoteref) refs/heads/master refs/remotes/master [36ms]
2024-12-28 15:19:37.367 [warning] [Git][revParse] Unable to read file: ENOENT: no such file or directory, open '/root/.pyenv/.git/refs/remotes/origin/master'
2024-12-28 15:19:37.369 [info] > git status -z -uall [32ms]
2024-12-28 15:19:37.369 [info] > git rev-parse --show-toplevel [17ms]
2024-12-28 15:19:37.370 [info] > git for-each-ref --sort -committerdate --format %(refname) %(objectname) %(*objectname) [22ms]
2024-12-28 15:19:37.398 [info] > git for-each-ref --format=%(refname)%00%(upstream:short)%00%(objectname)%00%(upstream:track)%00%(upstream:remotename)%00%(upstream:remoteref) refs/heads/master refs/remotes/master [17ms]
2024-12-28 15:19:37.405 [info] > git rev-parse refs/remotes/origin/master [39ms]
2024-12-28 15:19:37.420 [info] > git status -z -uall [9ms]
2024-12-28 15:19:37.421 [info] > git config --local branch.master.vscode-merge-base [16ms]
2024-12-28 15:19:37.426 [info] > git config --get commit.template [29ms]
2024-12-28 15:19:37.426 [info] > git rev-parse --git-dir --git-common-dir [34ms]
2024-12-28 15:19:37.431 [info] [Model][openRepository] Opened repository: /root/US-Prison-and-Secure-Detention-Facilities
2024-12-28 15:19:37.447 [info] > git for-each-ref --format=%(refname)%00%(upstream:short)%00%(objectname)%00%(upstream:track)%00%(upstream:remotename)%00%(upstream:remoteref) refs/heads/origin/master refs/remotes/origin/master [21ms]
2024-12-28 15:19:37.473 [info] > git for-each-ref --sort -committerdate --format %(refname) %(objectname) %(*objectname) [53ms]
2024-12-28 15:19:37.501 [info] > git for-each-ref --format=%(refname)%00%(upstream:short)%00%(objectname)%00%(upstream:track)%00%(upstream:remotename)%00%(upstream:remoteref) refs/heads/master refs/remotes/master [18ms]
2024-12-28 15:19:37.507 [info] > git merge-base refs/heads/master refs/remotes/origin/master [53ms]
2024-12-28 15:19:37.514 [info] > git rev-parse --show-toplevel [68ms]
2024-12-28 15:19:37.516 [info] [Model][doInitialScan] Initial repository scan completed - repositories (4), closed repositories (0), parent repositories (0), unsafe repositories (0)
2024-12-28 15:19:37.516 [info] > git config --get commit.template [77ms]
2024-12-28 15:19:37.535 [info] > git diff --name-status -z --diff-filter=ADMR f733dc340b2a1c5b2e61a4da7de790b2f557175f...refs/remotes/origin/master [21ms]
2024-12-28 15:19:37.536 [info] > git config --local branch.master.vscode-merge-base [30ms]
2024-12-28 15:19:37.542 [info] > git config --get commit.template [45ms]
2024-12-28 15:19:37.542 [info] > git for-each-ref --format=%(refname)%00%(upstream:short)%00%(objectname)%00%(upstream:track)%00%(upstream:remotename)%00%(upstream:remoteref) refs/heads/master refs/remotes/master [52ms]
2024-12-28 15:19:37.550 [info] > git for-each-ref --format=%(refname)%00%(upstream:short)%00%(objectname)%00%(upstream:track)%00%(upstream:remotename)%00%(upstream:remoteref) refs/heads/origin/master refs/remotes/origin/master [8ms]
2024-12-28 15:19:37.574 [info] > git merge-base refs/heads/master refs/remotes/origin/master [17ms]
2024-12-28 15:19:37.580 [info] > git for-each-ref --format=%(refname)%00%(upstream:short)%00%(objectname)%00%(upstream:track)%00%(upstream:remotename)%00%(upstream:remoteref) refs/heads/main refs/remotes/main [31ms]
2024-12-28 15:19:37.587 [warning] [Git][revParse] Unable to read file: ENOENT: no such file or directory, open '/root/US-Prison-and-Secure-Detention-Facilities/.git/refs/remotes/origin/main'
2024-12-28 15:19:37.588 [info] > git diff --name-status -z --diff-filter=ADMR 6511ce26cd52c1a604f79516f2d02a96e7b986a3...refs/remotes/origin/master [8ms]
2024-12-28 15:19:37.589 [info] > git for-each-ref --format=%(refname)%00%(upstream:short)%00%(objectname)%00%(upstream:track)%00%(upstream:remotename)%00%(upstream:remoteref) refs/heads/master refs/remotes/master [24ms]
2024-12-28 15:19:37.601 [info] > git rev-parse refs/remotes/origin/main [14ms]
2024-12-28 15:19:37.618 [warning] [Git][revParse] Unable to read file: ENOENT: no such file or directory, open '/root/.pyenv/.git/refs/remotes/origin/master'
2024-12-28 15:19:37.620 [info] > git status -z -uall [26ms]
2024-12-28 15:19:37.620 [info] > git status -z -uall [14ms]
2024-12-28 15:19:37.621 [info] > git for-each-ref --sort -committerdate --format %(refname) %(objectname) %(*objectname) [21ms]
2024-12-28 15:19:37.896 [info] > git rev-parse refs/remotes/origin/master [278ms]
2024-12-28 15:19:37.909 [info] > git for-each-ref --sort -committerdate --format %(refname) %(objectname) %(*objectname) [296ms]
2024-12-28 15:19:37.929 [info] > git status -z -uall [28ms]
2024-12-28 15:19:37.929 [info] > git for-each-ref --format=%(refname)%00%(upstream:short)%00%(objectname)%00%(upstream:track)%00%(upstream:remotename)%00%(upstream:remoteref) refs/heads/main refs/remotes/main [12ms]
2024-12-28 15:19:37.935 [info] > git for-each-ref --sort -committerdate --format %(refname) %(objectname) %(*objectname) [27ms]
2024-12-28 15:19:37.940 [info] > git config --local branch.main.vscode-merge-base [5ms]
2024-12-28 15:19:37.948 [info] > git config --get commit.template [20ms]
2024-12-28 15:19:37.952 [info] > git for-each-ref --format=%(refname)%00%(upstream:short)%00%(objectname)%00%(upstream:track)%00%(upstream:remotename)%00%(upstream:remoteref) refs/heads/origin/main refs/remotes/origin/main [4ms]
2024-12-28 15:19:38.076 [info] > git check-ignore -v -z --stdin [20ms]
2024-12-28 15:19:38.077 [info] > git check-ignore -v -z --stdin [15ms]
2024-12-28 15:19:38.078 [info] > git check-ignore -v -z --stdin [11ms]
2024-12-28 15:19:38.079 [info] > git check-ignore -v -z --stdin [6ms]
2024-12-28 15:19:38.079 [info] > git for-each-ref --format=%(refname)%00%(upstream:short)%00%(objectname)%00%(upstream:track)%00%(upstream:remotename)%00%(upstream:remoteref) refs/heads/main refs/remotes/main [115ms]
2024-12-28 15:19:38.080 [info] > git merge-base refs/heads/main refs/remotes/origin/main [122ms]
2024-12-28 15:19:38.091 [warning] [Git][revParse] Unable to read file: ENOENT: no such file or directory, open '/root/US-Prison-and-Secure-Detention-Facilities/.git/refs/remotes/origin/main'
2024-12-28 15:19:38.094 [info] > git rev-parse refs/remotes/origin/main [3ms]
2024-12-28 15:19:38.105 [info] > git diff --name-status -z --diff-filter=ADMR 2343d9d6f7f8e1f742476b59169e02c47e45d0d4...refs/remotes/origin/main [20ms]
2024-12-28 15:19:38.127 [info] > git status -z -uall [28ms]
2024-12-28 15:19:38.127 [info] > git for-each-ref --sort -committerdate --format %(refname) %(objectname) %(*objectname) [23ms]
2024-12-28 15:20:04.557 [info] > git check-ignore -v -z --stdin [8ms]
