2024-12-28 15:05:39.477 [info] [main] Log level: Info
2024-12-28 15:05:39.477 [info] [main] Validating found git in: "git"
2024-12-28 15:05:39.477 [info] [main] Using git "2.34.1" from "git"
2024-12-28 15:05:39.477 [info] [Model][doInitialScan] Initial repository scan started
2024-12-28 15:05:39.477 [info] > git rev-parse --show-toplevel [68ms]
2024-12-28 15:05:39.477 [info] > git rev-parse --git-dir --git-common-dir [9ms]
2024-12-28 15:05:39.477 [info] [Model][openRepository] Opened repository: /root
2024-12-28 15:05:39.488 [info] > git config --get commit.template [6ms]
2024-12-28 15:05:39.503 [info] > git for-each-ref --format=%(refname)%00%(upstream:short)%00%(objectname)%00%(upstream:track)%00%(upstream:remotename)%00%(upstream:remoteref) refs/heads/main refs/remotes/main [5ms]
2024-12-28 15:05:39.529 [info] > git for-each-ref --sort -committerdate --format %(refname) %(objectname) %(*objectname) [8ms]
2024-12-28 15:05:39.533 [info] > git rev-parse --show-toplevel [6ms]
2024-12-28 15:05:39.550 [info] > git rev-parse --show-toplevel [10ms]
2024-12-28 15:05:39.568 [info] > git rev-parse --show-toplevel [8ms]
2024-12-28 15:05:39.583 [info] > git rev-parse --show-toplevel [8ms]
2024-12-28 15:05:39.592 [info] > git rev-parse --git-dir --git-common-dir [2ms]
2024-12-28 15:05:39.600 [info] [Model][openRepository] Opened repository: /root/.oh-my-zsh
2024-12-28 15:05:39.622 [info] > git rev-parse --show-toplevel [9ms]
2024-12-28 15:05:39.624 [info] > git config --get commit.template [16ms]
2024-12-28 15:05:39.668 [info] > git for-each-ref --format=%(refname)%00%(upstream:short)%00%(objectname)%00%(upstream:track)%00%(upstream:remotename)%00%(upstream:remoteref) refs/heads/master refs/remotes/master [32ms]
2024-12-28 15:05:39.670 [info] > git rev-parse --git-dir --git-common-dir [41ms]
2024-12-28 15:05:39.675 [info] [Model][openRepository] Opened repository: /root/.pyenv
2024-12-28 15:05:39.704 [info] > git rev-parse --show-toplevel [18ms]
2024-12-28 15:05:39.706 [info] > git config --get commit.template [23ms]
2024-12-28 15:05:39.746 [info] > git status -z -uall [20ms]
2024-12-28 15:05:39.746 [info] > git rev-parse --show-toplevel [35ms]
2024-12-28 15:05:39.754 [info] > git for-each-ref --format=%(refname)%00%(upstream:short)%00%(objectname)%00%(upstream:track)%00%(upstream:remotename)%00%(upstream:remoteref) refs/heads/master refs/remotes/master [21ms]
2024-12-28 15:05:39.754 [info] > git for-each-ref --sort -committerdate --format %(refname) %(objectname) %(*objectname) [25ms]
2024-12-28 15:05:39.772 [warning] [Git][revParse] Unable to read file: ENOENT: no such file or directory, open '/root/.pyenv/.git/refs/remotes/origin/master'
2024-12-28 15:05:39.785 [info] > git status -z -uall [271ms] (cancelled)
2024-12-28 15:05:39.786 [info] > git for-each-ref --format=%(refname)%00%(upstream:short)%00%(objectname)%00%(upstream:track)%00%(upstream:remotename)%00%(upstream:remoteref) refs/heads/master refs/remotes/master [21ms]
2024-12-28 15:05:39.790 [info] > git rev-parse --show-toplevel [39ms]
2024-12-28 15:05:39.798 [info] > git config --local branch.master.vscode-merge-base [9ms]
2024-12-28 15:05:39.802 [info] > git config --get commit.template [25ms]
2024-12-28 15:05:39.802 [info] > git rev-parse refs/remotes/origin/master [30ms]
2024-12-28 15:05:39.811 [info] > git for-each-ref --format=%(refname)%00%(upstream:short)%00%(objectname)%00%(upstream:track)%00%(upstream:remotename)%00%(upstream:remoteref) refs/heads/origin/master refs/remotes/origin/master [10ms]
2024-12-28 15:05:39.830 [info] > git rev-parse --git-dir --git-common-dir [34ms]
2024-12-28 15:05:39.835 [info] [Model][openRepository] Opened repository: /root/US-Prison-and-Secure-Detention-Facilities
2024-12-28 15:05:39.848 [info] > git status -z -uall [43ms]
2024-12-28 15:05:39.848 [info] > git merge-base refs/heads/master refs/remotes/origin/master [32ms]
2024-12-28 15:05:39.855 [info] > git for-each-ref --sort -committerdate --format %(refname) %(objectname) %(*objectname) [45ms]
2024-12-28 15:05:39.891 [info] > git for-each-ref --format=%(refname)%00%(upstream:short)%00%(objectname)%00%(upstream:track)%00%(upstream:remotename)%00%(upstream:remoteref) refs/heads/master refs/remotes/master [27ms]
2024-12-28 15:05:39.896 [info] > git diff --name-status -z --diff-filter=ADMR f733dc340b2a1c5b2e61a4da7de790b2f557175f...refs/remotes/origin/master [43ms]
2024-12-28 15:05:39.897 [info] > git rev-parse --show-toplevel [51ms]
2024-12-28 15:05:39.898 [info] [Model][doInitialScan] Initial repository scan completed - repositories (4), closed repositories (0), parent repositories (0), unsafe repositories (0)
2024-12-28 15:05:39.899 [info] > git config --get commit.template [56ms]
2024-12-28 15:05:39.899 [info] > git for-each-ref --format=%(refname)%00%(upstream:short)%00%(objectname)%00%(upstream:track)%00%(upstream:remotename)%00%(upstream:remoteref) refs/heads/master refs/remotes/master [60ms]
2024-12-28 15:05:39.904 [info] > git config --local branch.master.vscode-merge-base [9ms]
2024-12-28 15:05:39.908 [info] > git config --get commit.template [37ms]
2024-12-28 15:05:40.082 [info] > git for-each-ref --format=%(refname)%00%(upstream:short)%00%(objectname)%00%(upstream:track)%00%(upstream:remotename)%00%(upstream:remoteref) refs/heads/origin/master refs/remotes/origin/master [175ms]
2024-12-28 15:05:40.100 [info] > git merge-base refs/heads/master refs/remotes/origin/master [14ms]
2024-12-28 15:05:40.103 [info] > git for-each-ref --format=%(refname)%00%(upstream:short)%00%(objectname)%00%(upstream:track)%00%(upstream:remotename)%00%(upstream:remoteref) refs/heads/main refs/remotes/main [191ms]
2024-12-28 15:05:40.113 [warning] [Git][revParse] Unable to read file: ENOENT: no such file or directory, open '/root/US-Prison-and-Secure-Detention-Facilities/.git/refs/remotes/origin/main'
2024-12-28 15:05:40.115 [info] > git for-each-ref --format=%(refname)%00%(upstream:short)%00%(objectname)%00%(upstream:track)%00%(upstream:remotename)%00%(upstream:remoteref) refs/heads/master refs/remotes/master [22ms]
2024-12-28 15:05:40.119 [warning] [Git][revParse] Unable to read file: ENOENT: no such file or directory, open '/root/.pyenv/.git/refs/remotes/origin/master'
2024-12-28 15:05:40.121 [info] > git status -z -uall [14ms]
2024-12-28 15:05:40.121 [info] > git rev-parse refs/remotes/origin/main [8ms]
2024-12-28 15:05:40.128 [info] > git for-each-ref --sort -committerdate --format %(refname) %(objectname) %(*objectname) [17ms]
2024-12-28 15:05:40.133 [info] > git diff --name-status -z --diff-filter=ADMR 6511ce26cd52c1a604f79516f2d02a96e7b986a3...refs/remotes/origin/master [30ms]
2024-12-28 15:05:40.137 [info] > git status -z -uall [13ms]
2024-12-28 15:05:40.138 [info] > git for-each-ref --sort -committerdate --format %(refname) %(objectname) %(*objectname) [11ms]
2024-12-28 15:05:40.147 [info] > git rev-parse refs/remotes/origin/master [28ms]
2024-12-28 15:05:40.160 [info] > git status -z -uall [10ms]
2024-12-28 15:05:40.161 [info] > git for-each-ref --format=%(refname)%00%(upstream:short)%00%(objectname)%00%(upstream:track)%00%(upstream:remotename)%00%(upstream:remoteref) refs/heads/main refs/remotes/main [16ms]
2024-12-28 15:05:40.183 [info] > git config --get commit.template [25ms]
2024-12-28 15:05:40.184 [info] > git for-each-ref --sort -committerdate --format %(refname) %(objectname) %(*objectname) [29ms]
2024-12-28 15:05:40.188 [info] > git config --local branch.main.vscode-merge-base [24ms]
2024-12-28 15:05:40.197 [info] > git for-each-ref --format=%(refname)%00%(upstream:short)%00%(objectname)%00%(upstream:track)%00%(upstream:remotename)%00%(upstream:remoteref) refs/heads/origin/main refs/remotes/origin/main [6ms]
2024-12-28 15:05:40.285 [info] > git for-each-ref --format=%(refname)%00%(upstream:short)%00%(objectname)%00%(upstream:track)%00%(upstream:remotename)%00%(upstream:remoteref) refs/heads/main refs/remotes/main [89ms]
2024-12-28 15:05:40.289 [warning] [Git][revParse] Unable to read file: ENOENT: no such file or directory, open '/root/US-Prison-and-Secure-Detention-Facilities/.git/refs/remotes/origin/main'
2024-12-28 15:05:40.290 [info] > git merge-base refs/heads/main refs/remotes/origin/main [89ms]
2024-12-28 15:05:40.296 [info] > git rev-parse refs/remotes/origin/main [6ms]
2024-12-28 15:05:40.304 [info] > git status -z -uall [5ms]
2024-12-28 15:05:40.304 [info] > git diff --name-status -z --diff-filter=ADMR 2343d9d6f7f8e1f742476b59169e02c47e45d0d4...refs/remotes/origin/main [10ms]
2024-12-28 15:05:40.306 [info] > git for-each-ref --sort -committerdate --format %(refname) %(objectname) %(*objectname) [4ms]
2024-12-28 15:05:40.418 [info] > git check-ignore -v -z --stdin [9ms]
2024-12-28 15:05:40.419 [info] > git check-ignore -v -z --stdin [7ms]
2024-12-28 15:05:40.420 [info] > git check-ignore -v -z --stdin [4ms]
2024-12-28 15:05:40.421 [info] > git check-ignore -v -z --stdin [16ms]
2024-12-28 15:05:53.131 [info] > git check-ignore -v -z --stdin [8ms]
2024-12-28 15:07:52.338 [info] > git for-each-ref --format=%(refname)%00%(upstream:short)%00%(objectname)%00%(upstream:track)%00%(upstream:remotename)%00%(upstream:remoteref) refs/heads/main refs/remotes/main [1707ms]
2024-12-28 15:07:52.380 [info] > git config --local branch.main.vscode-merge-base [37ms]
2024-12-28 15:07:52.380 [warning] [Git][config] git config failed: Failed to execute git
2024-12-28 15:07:52.386 [info] > git config --get commit.template [48ms]
2024-12-28 15:07:52.394 [info] > git reflog main --grep-reflog=branch: Created from *. [9ms]
2024-12-28 15:07:52.403 [info] > git symbolic-ref --short refs/remotes/origin/HEAD [2ms]
2024-12-28 15:07:52.404 [info] fatal: ref refs/remotes/origin/HEAD is not a symbolic ref
2024-12-28 15:07:52.404 [warning] [Repository][getDefaultBranch] Failed to get default branch details: Failed to execute git.
2024-12-28 15:07:52.405 [info] > git for-each-ref --format=%(refname)%00%(upstream:short)%00%(objectname)%00%(upstream:track)%00%(upstream:remotename)%00%(upstream:remoteref) refs/heads/main refs/remotes/main [13ms]
2024-12-28 15:07:52.422 [info] > git for-each-ref --sort -committerdate --format %(refname) %(objectname) %(*objectname) [5ms]
2024-12-28 15:07:55.018 [info] > git status -z -uall [2609ms] (cancelled)
