2024-12-28 16:30:56.879 [info] [main] Log level: Info
2024-12-28 16:30:56.879 [info] [main] Validating found git in: "git"
2024-12-28 16:30:56.879 [info] [main] Using git "2.34.1" from "git"
2024-12-28 16:30:56.879 [info] [Model][doInitialScan] Initial repository scan started
2024-12-28 16:30:56.879 [info] > git rev-parse --show-toplevel [33ms]
2024-12-28 16:30:56.879 [info] > git rev-parse --git-dir --git-common-dir [2ms]
2024-12-28 16:30:56.879 [info] [Model][openRepository] Opened repository: /root/US-Prison-and-Secure-Detention-Facilities
2024-12-28 16:30:56.894 [info] > git rev-parse --show-toplevel [5ms]
2024-12-28 16:30:56.896 [info] [Model][doInitialScan] Initial repository scan completed - repositories (1), closed repositories (0), parent repositories (0), unsafe repositories (0)
2024-12-28 16:30:56.897 [info] > git config --get commit.template [12ms]
2024-12-28 16:30:56.907 [info] > git for-each-ref --format=%(refname)%00%(upstream:short)%00%(objectname)%00%(upstream:track)%00%(upstream:remotename)%00%(upstream:remoteref) refs/heads/main refs/remotes/main [2ms]
2024-12-28 16:30:56.912 [warning] [Git][revParse] Unable to read file: ENOENT: no such file or directory, open '/root/US-Prison-and-Secure-Detention-Facilities/.git/refs/remotes/origin/main'
2024-12-28 16:30:56.913 [info] > git rev-parse refs/remotes/origin/main [1ms]
2024-12-28 16:30:56.925 [info] > git for-each-ref --sort -committerdate --format %(refname) %(objectname) %(*objectname) [2ms]
2024-12-28 16:30:56.952 [info] > git status -z -uall [34ms] (cancelled)
2024-12-28 16:30:57.230 [info] > git show --textconv :analysis.py [7ms]
2024-12-28 16:30:57.230 [info] > git ls-files --stage -- /root/US-Prison-and-Secure-Detention-Facilities/analysis.py [1ms]
2024-12-28 16:30:57.252 [info] > git blame --root --incremental 2343d9d6f7f8e1f742476b59169e02c47e45d0d4 -- /root/US-Prison-and-Secure-Detention-Facilities/analysis.py [2ms]
2024-12-28 16:30:57.252 [info] fatal: no such path analysis.py in 2343d9d6f7f8e1f742476b59169e02c47e45d0d4
2024-12-28 16:30:57.411 [info] > git check-ignore -v -z --stdin [2ms]
