2024-12-28 16:29:34.018 [info] [main] Log level: Info
2024-12-28 16:29:34.018 [info] [main] Validating found git in: "git"
2024-12-28 16:29:34.018 [info] [main] Using git "2.34.1" from "git"
2024-12-28 16:29:34.018 [info] [Model][doInitialScan] Initial repository scan started
2024-12-28 16:29:34.018 [info] > git rev-parse --show-toplevel [6ms]
2024-12-28 16:29:34.018 [info] > git rev-parse --git-dir --git-common-dir [17ms]
2024-12-28 16:29:34.018 [info] [Model][openRepository] Opened repository: /root/US-Prison-and-Secure-Detention-Facilities
2024-12-28 16:29:34.023 [info] > git rev-parse --show-toplevel [48ms]
2024-12-28 16:29:34.025 [info] [Model][doInitialScan] Initial repository scan completed - repositories (1), closed repositories (0), parent repositories (0), unsafe repositories (0)
2024-12-28 16:29:34.026 [info] > git config --get commit.template [55ms]
2024-12-28 16:29:34.033 [info] > git for-each-ref --format=%(refname)%00%(upstream:short)%00%(objectname)%00%(upstream:track)%00%(upstream:remotename)%00%(upstream:remoteref) refs/heads/main refs/remotes/main [1ms]
2024-12-28 16:29:34.039 [warning] [Git][revParse] Unable to read file: ENOENT: no such file or directory, open '/root/US-Prison-and-Secure-Detention-Facilities/.git/refs/remotes/origin/main'
2024-12-28 16:29:34.039 [info] > git rev-parse refs/remotes/origin/main [1ms]
2024-12-28 16:29:34.053 [info] > git for-each-ref --sort -committerdate --format %(refname) %(objectname) %(*objectname) [2ms]
2024-12-28 16:29:34.079 [info] > git status -z -uall [34ms] (cancelled)
2024-12-28 16:29:34.280 [info] > git show --textconv :analysis.py [7ms]
2024-12-28 16:29:34.281 [info] > git ls-files --stage -- /root/US-Prison-and-Secure-Detention-Facilities/analysis.py [1ms]
2024-12-28 16:29:34.297 [info] > git blame --root --incremental 2343d9d6f7f8e1f742476b59169e02c47e45d0d4 -- /root/US-Prison-and-Secure-Detention-Facilities/analysis.py [1ms]
2024-12-28 16:29:34.297 [info] fatal: no such path analysis.py in 2343d9d6f7f8e1f742476b59169e02c47e45d0d4
2024-12-28 16:29:34.505 [info] > git check-ignore -v -z --stdin [8ms]
2024-12-28 16:29:38.937 [info] > git for-each-ref --format=%(refname)%00%(upstream:short)%00%(objectname)%00%(upstream:track)%00%(upstream:remotename)%00%(upstream:remoteref) refs/heads/main refs/remotes/main [7ms]
2024-12-28 16:29:38.945 [info] > git config --local branch.main.vscode-merge-base [2ms]
2024-12-28 16:29:38.951 [info] > git config --get commit.template [14ms]
2024-12-28 16:29:38.956 [info] > git for-each-ref --format=%(refname)%00%(upstream:short)%00%(objectname)%00%(upstream:track)%00%(upstream:remotename)%00%(upstream:remoteref) refs/heads/origin/main refs/remotes/origin/main [4ms]
2024-12-28 16:29:39.725 [info] > git merge-base refs/heads/main refs/remotes/origin/main [763ms]
2024-12-28 16:29:39.734 [info] > git diff --name-status -z --diff-filter=ADMR 2343d9d6f7f8e1f742476b59169e02c47e45d0d4...refs/remotes/origin/main [2ms]
2024-12-28 16:29:39.736 [info] > git for-each-ref --format=%(refname)%00%(upstream:short)%00%(objectname)%00%(upstream:track)%00%(upstream:remotename)%00%(upstream:remoteref) refs/heads/main refs/remotes/main [69ms]
2024-12-28 16:29:39.746 [warning] [Git][revParse] Unable to read file: ENOENT: no such file or directory, open '/root/US-Prison-and-Secure-Detention-Facilities/.git/refs/remotes/origin/main'
2024-12-28 16:29:39.748 [info] > git rev-parse refs/remotes/origin/main [1ms]
2024-12-28 16:29:39.763 [info] > git for-each-ref --sort -committerdate --format %(refname) %(objectname) %(*objectname) [1ms]
2024-12-28 16:29:39.885 [info] > git status -z -uall [131ms] (cancelled)
